# JRE version: OpenJDK Runtime Environment Temurin-17.0.9+9 (17.0.9+9) (build 17.0.9+9)
# Java VM: OpenJDK 64-Bit Server VM Temurin-17.0.9+9 (17.0.9+9, mixed mode, emulated-client, tiered, compressed oops, compressed class ptrs, g1 gc, windows-amd64)
GC Precious Log:
 CPUs: 8 total, 8 available
 Memory: 4007M
 Large Page Support: Disabled
 NUMA Support: Disabled
 Compressed Oops: Enabled (32-bit)
 Heap Region Size: 1M
 Heap Min Capacity: 8M
 Heap Initial Capacity: 64M
 Heap Max Capacity: 1002M
 Pre-touch: Disabled
 Parallel Workers: 8
 Concurrent Workers: 2
 Concurrent Refinement Workers: 8
 Periodic GC: Disabled
Heap:
 garbage-first heap   total 49152K, used 19837K [0x00000000c1600000, 0x0000000100000000)
  region size 1024K, 7 young (7168K), 1 survivors (1024K)
 Metaspace       used 30652K, committed 30912K, reserved 1114112K
  class space    used 3726K, committed 3840K, reserved 1048576K
GC Heap History (20 events):
Event: 556.498 GC heap before
{Heap before GC invocations=19 (full 0):
 garbage-first heap   total 40960K, used 16205K [0x00000000c1600000, 0x0000000100000000)
  region size 1024K, 6 young (6144K), 1 survivors (1024K)
 Metaspace       used 27959K, committed 28224K, reserved 1114112K
  class space    used 3317K, committed 3456K, reserved 1048576K
}
Event: 556.577 GC heap after
{Heap after GC invocations=20 (full 0):
 garbage-first heap   total 40960K, used 12552K [0x00000000c1600000, 0x0000000100000000)
  region size 1024K, 1 young (1024K), 1 survivors (1024K)
 Metaspace       used 27959K, committed 28224K, reserved 1114112K
  class space    used 3317K, committed 3456K, reserved 1048576K
}
Event: 620.080 GC heap before
{Heap before GC invocations=20 (full 0):
 garbage-first heap   total 40960K, used 19720K [0x00000000c1600000, 0x0000000100000000)
  region size 1024K, 8 young (8192K), 1 survivors (1024K)
 Metaspace       used 28333K, committed 28608K, reserved 1114112K
  class space    used 3383K, committed 3520K, reserved 1048576K
}
Event: 621.803 GC heap after
{Heap after GC invocations=21 (full 0):
 garbage-first heap   total 40960K, used 13189K [0x00000000c1600000, 0x0000000100000000)
  region size 1024K, 1 young (1024K), 1 survivors (1024K)
 Metaspace       used 28333K, committed 28608K, reserved 1114112K
  class space    used 3383K, committed 3520K, reserved 1048576K
}
Event: 643.298 GC heap before
{Heap before GC invocations=21 (full 0):
 garbage-first heap   total 40960K, used 14213K [0x00000000c1600000, 0x0000000100000000)
  region size 1024K, 2 young (2048K), 1 survivors (1024K)
 Metaspace       used 28345K, committed 28608K, reserved 1114112K
  class space    used 3385K, committed 3520K, reserved 1048576K
}
Event: 643.563 GC heap after
{Heap after GC invocations=22 (full 0):
 garbage-first heap   total 40960K, used 13428K [0x00000000c1600000, 0x0000000100000000)
  region size 1024K, 1 young (1024K), 1 survivors (1024K)
 Metaspace       used 28345K, committed 28608K, reserved 1114112K
  class space    used 3385K, committed 3520K, reserved 1048576K
}
Event: 646.216 GC heap before
{Heap before GC invocations=22 (full 0):
 garbage-first heap   total 40960K, used 14452K [0x00000000c1600000, 0x0000000100000000)
  region size 1024K, 2 young (2048K), 1 survivors (1024K)
 Metaspace       used 28383K, committed 28672K, reserved 1114112K
  class space    used 3390K, committed 3520K, reserved 1048576K
}
Event: 646.403 GC heap after
{Heap after GC invocations=23 (full 0):
 garbage-first heap   total 49152K, used 13439K [0x00000000c1600000, 0x0000000100000000)
  region size 1024K, 1 young (1024K), 1 survivors (1024K)
 Metaspace       used 28383K, committed 28672K, reserved 1114112K
  class space    used 3390K, committed 3520K, reserved 1048576K
}
Event: 647.716 GC heap before
{Heap before GC invocations=23 (full 0):
 garbage-first heap   total 49152K, used 13439K [0x00000000c1600000, 0x0000000100000000)
  region size 1024K, 2 young (2048K), 1 survivors (1024K)
 Metaspace       used 28469K, committed 28736K, reserved 1114112K
  class space    used 3399K, committed 3520K, reserved 1048576K
}
Event: 647.749 GC heap after
{Heap after GC invocations=24 (full 0):
 garbage-first heap   total 49152K, used 13486K [0x00000000c1600000, 0x0000000100000000)
  region size 1024K, 1 young (1024K), 1 survivors (1024K)
 Metaspace       used 28469K, committed 28736K, reserved 1114112K
  class space    used 3399K, committed 3520K, reserved 1048576K
}
Event: 666.988 GC heap before
{Heap before GC invocations=24 (full 0):
 garbage-first heap   total 49152K, used 14510K [0x00000000c1600000, 0x0000000100000000)
  region size 1024K, 2 young (2048K), 1 survivors (1024K)
 Metaspace       used 28596K, committed 28928K, reserved 1114112K
  class space    used 3419K, committed 3584K, reserved 1048576K
}
Event: 667.067 GC heap after
{Heap after GC invocations=25 (full 0):
 garbage-first heap   total 49152K, used 13522K [0x00000000c1600000, 0x0000000100000000)
  region size 1024K, 1 young (1024K), 1 survivors (1024K)
 Metaspace       used 28596K, committed 28928K, reserved 1114112K
  class space    used 3419K, committed 3584K, reserved 1048576K
}
Event: 671.325 GC heap before
{Heap before GC invocations=25 (full 0):
 garbage-first heap   total 49152K, used 14546K [0x00000000c1600000, 0x0000000100000000)
  region size 1024K, 2 young (2048K), 1 survivors (1024K)
 Metaspace       used 28617K, committed 28928K, reserved 1114112K
  class space    used 3423K, committed 3584K, reserved 1048576K
}
Event: 671.331 GC heap after
{Heap after GC invocations=26 (full 0):
 garbage-first heap   total 49152K, used 13538K [0x00000000c1600000, 0x0000000100000000)
  region size 1024K, 1 young (1024K), 1 survivors (1024K)
 Metaspace       used 28617K, committed 28928K, reserved 1114112K
  class space    used 3423K, committed 3584K, reserved 1048576K
}
Event: 689.634 GC heap before
{Heap before GC invocations=26 (full 0):
 garbage-first heap   total 49152K, used 20706K [0x00000000c1600000, 0x0000000100000000)
  region size 1024K, 8 young (8192K), 1 survivors (1024K)
 Metaspace       used 28810K, committed 29056K, reserved 1114112K
  class space    used 3460K, committed 3584K, reserved 1048576K
}
Event: 689.685 GC heap after
{Heap after GC invocations=27 (full 0):
 garbage-first heap   total 49152K, used 13981K [0x00000000c1600000, 0x0000000100000000)
  region size 1024K, 1 young (1024K), 1 survivors (1024K)
 Metaspace       used 28810K, committed 29056K, reserved 1114112K
  class space    used 3460K, committed 3584K, reserved 1048576K
}
Event: 736.588 GC heap before
{Heap before GC invocations=27 (full 0):
 garbage-first heap   total 49152K, used 24221K [0x00000000c1600000, 0x0000000100000000)
  region size 1024K, 11 young (11264K), 1 survivors (1024K)
 Metaspace       used 29964K, committed 30272K, reserved 1114112K
  class space    used 3621K, committed 3776K, reserved 1048576K
}
Event: 737.884 GC heap after
{Heap after GC invocations=28 (full 0):
 garbage-first heap   total 49152K, used 14581K [0x00000000c1600000, 0x0000000100000000)
  region size 1024K, 2 young (2048K), 2 survivors (2048K)
 Metaspace       used 29964K, committed 30272K, reserved 1114112K
  class space    used 3621K, committed 3776K, reserved 1048576K
}
Event: 743.672 GC heap before
{Heap before GC invocations=28 (full 0):
 garbage-first heap   total 49152K, used 15605K [0x00000000c1600000, 0x0000000100000000)
  region size 1024K, 3 young (3072K), 2 survivors (2048K)
 Metaspace       used 30056K, committed 30336K, reserved 1114112K
  class space    used 3640K, committed 3776K, reserved 1048576K
}
Event: 743.708 GC heap after
{Heap after GC invocations=29 (full 0):
 garbage-first heap   total 49152K, used 14717K [0x00000000c1600000, 0x0000000100000000)
  region size 1024K, 1 young (1024K), 1 survivors (1024K)
 Metaspace       used 30056K, committed 30336K, reserved 1114112K
  class space    used 3640K, committed 3776K, reserved 1048576K
}

