GC Precious Log:
 CPUs: 8 total, 8 available
 Memory: 4007M
 Large Page Support: Disabled
 NUMA Support: Disabled
 Compressed Oops: Enabled (32-bit)
 Heap Region Size: 1M
 Heap Min Capacity: 8M
 Heap Initial Capacity: 64M
 Heap Max Capacity: 1002M
 Pre-touch: Disabled
 Parallel Workers: 8
 Concurrent Workers: 2
 Concurrent Refinement Workers: 8
 Periodic GC: Disabled
Heap:
 garbage-first heap   total 40960K, used 19369K [0x00000000c1600000, 0x0000000100000000)
  region size 1024K, 6 young (6144K), 1 survivors (1024K)
 Metaspace       used 32089K, committed 32384K, reserved 1114112K
  class space    used 3983K, committed 4096K, reserved 1048576K
GC Heap History (20 events):
Event: 440.394 GC heap before
{Heap before GC invocations=15 (full 0):
 garbage-first heap   total 40960K, used 24395K [0x00000000c1600000, 0x0000000100000000)
  region size 1024K, 17 young (17408K), 1 survivors (1024K)
 Metaspace       used 24975K, committed 25216K, reserved 1114112K
  class space    used 2917K, committed 3008K, reserved 1048576K
}
Event: 440.424 GC heap after
{Heap after GC invocations=16 (full 0):
 garbage-first heap   total 40960K, used 10277K [0x00000000c1600000, 0x0000000100000000)
  region size 1024K, 2 young (2048K), 2 survivors (2048K)
 Metaspace       used 24975K, committed 25216K, reserved 1114112K
  class space    used 2917K, committed 3008K, reserved 1048576K
}
Event: 539.266 GC heap before
{Heap before GC invocations=17 (full 0):
 garbage-first heap   total 40960K, used 23589K [0x00000000c1600000, 0x0000000100000000)
  region size 1024K, 15 young (15360K), 2 survivors (2048K)
 Metaspace       used 27218K, committed 27520K, reserved 1114112K
  class space    used 3250K, committed 3392K, reserved 1048576K
}
Event: 539.797 GC heap after
{Heap after GC invocations=18 (full 0):
 garbage-first heap   total 40960K, used 11824K [0x00000000c1600000, 0x0000000100000000)
  region size 1024K, 2 young (2048K), 2 survivors (2048K)
 Metaspace       used 27218K, committed 27520K, reserved 1114112K
  class space    used 3250K, committed 3392K, reserved 1048576K
}
Event: 557.410 GC heap before
{Heap before GC invocations=18 (full 0):
 garbage-first heap   total 40960K, used 13872K [0x00000000c1600000, 0x0000000100000000)
  region size 1024K, 5 young (5120K), 2 survivors (2048K)
 Metaspace       used 27504K, committed 27776K, reserved 1114112K
  class space    used 3285K, committed 3392K, reserved 1048576K
}
Event: 557.561 GC heap after
{Heap after GC invocations=19 (full 0):
 garbage-first heap   total 40960K, used 12408K [0x00000000c1600000, 0x0000000100000000)
  region size 1024K, 1 young (1024K), 1 survivors (1024K)
 Metaspace       used 27504K, committed 27776K, reserved 1114112K
  class space    used 3285K, committed 3392K, reserved 1048576K
}
Event: 591.082 GC heap before
{Heap before GC invocations=19 (full 0):
 garbage-first heap   total 40960K, used 21624K [0x00000000c1600000, 0x0000000100000000)
  region size 1024K, 11 young (11264K), 1 survivors (1024K)
 Metaspace       used 28330K, committed 28608K, reserved 1114112K
  class space    used 3393K, committed 3520K, reserved 1048576K
}
Event: 591.622 GC heap after
{Heap after GC invocations=20 (full 0):
 garbage-first heap   total 40960K, used 13319K [0x00000000c1600000, 0x0000000100000000)
  region size 1024K, 2 young (2048K), 2 survivors (2048K)
 Metaspace       used 28330K, committed 28608K, reserved 1114112K
  class space    used 3393K, committed 3520K, reserved 1048576K
}
Event: 594.740 GC heap before
{Heap before GC invocations=20 (full 0):
 garbage-first heap   total 40960K, used 14343K [0x00000000c1600000, 0x0000000100000000)
  region size 1024K, 3 young (3072K), 2 survivors (2048K)
 Metaspace       used 28337K, committed 28608K, reserved 1114112K
  class space    used 3394K, committed 3520K, reserved 1048576K
}
Event: 594.758 GC heap after
{Heap after GC invocations=21 (full 0):
 garbage-first heap   total 40960K, used 13437K [0x00000000c1600000, 0x0000000100000000)
  region size 1024K, 1 young (1024K), 1 survivors (1024K)
 Metaspace       used 28337K, committed 28608K, reserved 1114112K
  class space    used 3394K, committed 3520K, reserved 1048576K
}
Event: 658.501 GC heap before
{Heap before GC invocations=21 (full 0):
 garbage-first heap   total 40960K, used 23677K [0x00000000c1600000, 0x0000000100000000)
  region size 1024K, 11 young (11264K), 1 survivors (1024K)
 Metaspace       used 28804K, committed 29056K, reserved 1114112K
  class space    used 3468K, committed 3584K, reserved 1048576K
}
Event: 658.802 GC heap after
{Heap after GC invocations=22 (full 0):
 garbage-first heap   total 40960K, used 13924K [0x00000000c1600000, 0x0000000100000000)
  region size 1024K, 1 young (1024K), 1 survivors (1024K)
 Metaspace       used 28804K, committed 29056K, reserved 1114112K
  class space    used 3468K, committed 3584K, reserved 1048576K
}
Event: 669.032 GC heap before
{Heap before GC invocations=22 (full 0):
 garbage-first heap   total 40960K, used 15972K [0x00000000c1600000, 0x0000000100000000)
  region size 1024K, 3 young (3072K), 1 survivors (1024K)
 Metaspace       used 28867K, committed 29120K, reserved 1114112K
  class space    used 3477K, committed 3584K, reserved 1048576K
}
Event: 669.042 GC heap after
{Heap after GC invocations=23 (full 0):
 garbage-first heap   total 40960K, used 14093K [0x00000000c1600000, 0x0000000100000000)
  region size 1024K, 1 young (1024K), 1 survivors (1024K)
 Metaspace       used 28867K, committed 29120K, reserved 1114112K
  class space    used 3477K, committed 3584K, reserved 1048576K
}
Event: 694.534 GC heap before
{Heap before GC invocations=23 (full 0):
 garbage-first heap   total 40960K, used 20237K [0x00000000c1600000, 0x0000000100000000)
  region size 1024K, 7 young (7168K), 1 survivors (1024K)
 Metaspace       used 29690K, committed 29952K, reserved 1114112K
  class space    used 3591K, committed 3712K, reserved 1048576K
}
Event: 694.561 GC heap after
{Heap after GC invocations=24 (full 0):
 garbage-first heap   total 40960K, used 14343K [0x00000000c1600000, 0x0000000100000000)
  region size 1024K, 1 young (1024K), 1 survivors (1024K)
 Metaspace       used 29690K, committed 29952K, reserved 1114112K
  class space    used 3591K, committed 3712K, reserved 1048576K
}
Event: 720.260 GC heap before
{Heap before GC invocations=24 (full 0):
 garbage-first heap   total 40960K, used 23559K [0x00000000c1600000, 0x0000000100000000)
  region size 1024K, 10 young (10240K), 1 survivors (1024K)
 Metaspace       used 30856K, committed 31104K, reserved 1114112K
  class space    used 3767K, committed 3904K, reserved 1048576K
}
Event: 720.475 GC heap after
{Heap after GC invocations=25 (full 0):
 garbage-first heap   total 40960K, used 14833K [0x00000000c1600000, 0x0000000100000000)
  region size 1024K, 1 young (1024K), 1 survivors (1024K)
 Metaspace       used 30856K, committed 31104K, reserved 1114112K
  class space    used 3767K, committed 3904K, reserved 1048576K
}
Event: 766.158 GC heap before
{Heap before GC invocations=25 (full 0):
 garbage-first heap   total 40960K, used 20977K [0x00000000c1600000, 0x0000000100000000)
  region size 1024K, 7 young (7168K), 1 survivors (1024K)
 Metaspace       used 31369K, committed 31616K, reserved 1114112K
  class space    used 3868K, committed 3968K, reserved 1048576K
}
Event: 766.237 GC heap after
{Heap after GC invocations=26 (full 0):
 garbage-first heap   total 40960K, used 15273K [0x00000000c1600000, 0x0000000100000000)
  region size 1024K, 1 young (1024K), 1 survivors (1024K)
 Metaspace       used 31369K, committed 31616K, reserved 1114112K
  class space    used 3868K, committed 3968K, reserved 1048576K
}

