# JRE version: OpenJDK Runtime Environment Temurin-17.0.9+9 (17.0.9+9) (build 17.0.9+9)
# Java VM: OpenJDK 64-Bit Server VM Temurin-17.0.9+9 (17.0.9+9, mixed mode, emulated-client, tiered, compressed oops, compressed class ptrs, g1 gc, windows-amd64)
GC Precious Log:
 CPUs: 8 total, 8 available
 Memory: 4007M
 Large Page Support: Disabled
 NUMA Support: Disabled
 Compressed Oops: Enabled (32-bit)
 Heap Region Size: 1M
 Heap Min Capacity: 8M
 Heap Initial Capacity: 64M
 Heap Max Capacity: 1002M
 Pre-touch: Disabled
 Parallel Workers: 8
 Concurrent Workers: 2
 Concurrent Refinement Workers: 8
 Periodic GC: Disabled
Heap:
 garbage-first heap   total 122880K, used 15439K [0x00000000c1600000, 0x0000000100000000)
  region size 1024K, 2 young (2048K), 1 survivors (1024K)
 Metaspace       used 32459K, committed 32832K, reserved 1114112K
  class space    used 4020K, committed 4224K, reserved 1048576K
GC Heap History (20 events):
Event: 320.756 GC heap before
{Heap before GC invocations=23 (full 0):
 garbage-first heap   total 122880K, used 16248K [0x00000000c1600000, 0x0000000100000000)
  region size 1024K, 6 young (6144K), 1 survivors (1024K)
 Metaspace       used 27677K, committed 27904K, reserved 1114112K
  class space    used 3284K, committed 3392K, reserved 1048576K
}
Event: 320.877 GC heap after
{Heap after GC invocations=24 (full 0):
 garbage-first heap   total 122880K, used 12148K [0x00000000c1600000, 0x0000000100000000)
  region size 1024K, 1 young (1024K), 1 survivors (1024K)
 Metaspace       used 27677K, committed 27904K, reserved 1114112K
  class space    used 3284K, committed 3392K, reserved 1048576K
}
Event: 327.428 GC heap before
{Heap before GC invocations=24 (full 0):
 garbage-first heap   total 122880K, used 16244K [0x00000000c1600000, 0x0000000100000000)
  region size 1024K, 6 young (6144K), 1 survivors (1024K)
 Metaspace       used 28174K, committed 28416K, reserved 1114112K
  class space    used 3357K, committed 3456K, reserved 1048576K
}
Event: 327.468 GC heap after
{Heap after GC invocations=25 (full 0):
 garbage-first heap   total 122880K, used 12675K [0x00000000c1600000, 0x0000000100000000)
  region size 1024K, 1 young (1024K), 1 survivors (1024K)
 Metaspace       used 28174K, committed 28416K, reserved 1114112K
  class space    used 3357K, committed 3456K, reserved 1048576K
}
Event: 366.524 GC heap before
{Heap before GC invocations=25 (full 0):
 garbage-first heap   total 122880K, used 23939K [0x00000000c1600000, 0x0000000100000000)
  region size 1024K, 12 young (12288K), 1 survivors (1024K)
 Metaspace       used 28682K, committed 28992K, reserved 1114112K
  class space    used 3436K, committed 3584K, reserved 1048576K
}
Event: 366.682 GC heap after
{Heap after GC invocations=26 (full 0):
 garbage-first heap   total 122880K, used 13332K [0x00000000c1600000, 0x0000000100000000)
  region size 1024K, 2 young (2048K), 2 survivors (2048K)
 Metaspace       used 28682K, committed 28992K, reserved 1114112K
  class space    used 3436K, committed 3584K, reserved 1048576K
}
Event: 524.958 GC heap before
{Heap before GC invocations=26 (full 0):
 garbage-first heap   total 122880K, used 21524K [0x00000000c1600000, 0x0000000100000000)
  region size 1024K, 10 young (10240K), 2 survivors (2048K)
 Metaspace       used 28969K, committed 29184K, reserved 1114112K
  class space    used 3486K, committed 3584K, reserved 1048576K
}
Event: 526.476 GC heap after
{Heap after GC invocations=27 (full 0):
 garbage-first heap   total 122880K, used 13817K [0x00000000c1600000, 0x0000000100000000)
  region size 1024K, 2 young (2048K), 2 survivors (2048K)
 Metaspace       used 28969K, committed 29184K, reserved 1114112K
  class space    used 3486K, committed 3584K, reserved 1048576K
}
Event: 571.795 GC heap before
{Heap before GC invocations=27 (full 0):
 garbage-first heap   total 122880K, used 17913K [0x00000000c1600000, 0x0000000100000000)
  region size 1024K, 6 young (6144K), 2 survivors (2048K)
 Metaspace       used 29396K, committed 29696K, reserved 1114112K
  class space    used 3549K, committed 3712K, reserved 1048576K
}
Event: 572.365 GC heap after
{Heap after GC invocations=28 (full 0):
 garbage-first heap   total 122880K, used 13856K [0x00000000c1600000, 0x0000000100000000)
  region size 1024K, 1 young (1024K), 1 survivors (1024K)
 Metaspace       used 29396K, committed 29696K, reserved 1114112K
  class space    used 3549K, committed 3712K, reserved 1048576K
}
Event: 598.892 GC heap before
{Heap before GC invocations=28 (full 0):
 garbage-first heap   total 122880K, used 18976K [0x00000000c1600000, 0x0000000100000000)
  region size 1024K, 6 young (6144K), 1 survivors (1024K)
 Metaspace       used 30026K, committed 30272K, reserved 1114112K
  class space    used 3635K, committed 3776K, reserved 1048576K
}
Event: 599.058 GC heap after
{Heap after GC invocations=29 (full 0):
 garbage-first heap   total 122880K, used 14129K [0x00000000c1600000, 0x0000000100000000)
  region size 1024K, 1 young (1024K), 1 survivors (1024K)
 Metaspace       used 30026K, committed 30272K, reserved 1114112K
  class space    used 3635K, committed 3776K, reserved 1048576K
}
Event: 675.119 GC heap before
{Heap before GC invocations=29 (full 0):
 garbage-first heap   total 122880K, used 19249K [0x00000000c1600000, 0x0000000100000000)
  region size 1024K, 6 young (6144K), 1 survivors (1024K)
 Metaspace       used 30472K, committed 30720K, reserved 1114112K
  class space    used 3706K, committed 3840K, reserved 1048576K
}
Event: 675.298 GC heap after
{Heap after GC invocations=30 (full 0):
 garbage-first heap   total 122880K, used 14353K [0x00000000c1600000, 0x0000000100000000)
  region size 1024K, 1 young (1024K), 1 survivors (1024K)
 Metaspace       used 30472K, committed 30720K, reserved 1114112K
  class space    used 3706K, committed 3840K, reserved 1048576K
}
Event: 709.901 GC heap before
{Heap before GC invocations=30 (full 0):
 garbage-first heap   total 122880K, used 19473K [0x00000000c1600000, 0x0000000100000000)
  region size 1024K, 6 young (6144K), 1 survivors (1024K)
 Metaspace       used 31159K, committed 31488K, reserved 1114112K
  class space    used 3818K, committed 3968K, reserved 1048576K
}
Event: 710.009 GC heap after
{Heap after GC invocations=31 (full 0):
 garbage-first heap   total 122880K, used 14721K [0x00000000c1600000, 0x0000000100000000)
  region size 1024K, 1 young (1024K), 1 survivors (1024K)
 Metaspace       used 31159K, committed 31488K, reserved 1114112K
  class space    used 3818K, committed 3968K, reserved 1048576K
}
Event: 759.443 GC heap before
{Heap before GC invocations=31 (full 0):
 garbage-first heap   total 122880K, used 19841K [0x00000000c1600000, 0x0000000100000000)
  region size 1024K, 6 young (6144K), 1 survivors (1024K)
 Metaspace       used 31491K, committed 31808K, reserved 1114112K
  class space    used 3878K, committed 4032K, reserved 1048576K
}
Event: 759.824 GC heap after
{Heap after GC invocations=32 (full 0):
 garbage-first heap   total 122880K, used 15084K [0x00000000c1600000, 0x0000000100000000)
  region size 1024K, 1 young (1024K), 1 survivors (1024K)
 Metaspace       used 31491K, committed 31808K, reserved 1114112K
  class space    used 3878K, committed 4032K, reserved 1048576K
}
Event: 782.918 GC heap before
{Heap before GC invocations=32 (full 0):
 garbage-first heap   total 122880K, used 20204K [0x00000000c1600000, 0x0000000100000000)
  region size 1024K, 6 young (6144K), 1 survivors (1024K)
 Metaspace       used 32427K, committed 32832K, reserved 1114112K
  class space    used 4016K, committed 4224K, reserved 1048576K
}
Event: 782.960 GC heap after
{Heap after GC invocations=33 (full 0):
 garbage-first heap   total 122880K, used 15439K [0x00000000c1600000, 0x0000000100000000)
  region size 1024K, 1 young (1024K), 1 survivors (1024K)
 Metaspace       used 32427K, committed 32832K, reserved 1114112K
  class space    used 4016K, committed 4224K, reserved 1048576K
}

