# JRE version: OpenJDK Runtime Environment Temurin-17.0.9+9 (17.0.9+9) (build 17.0.9+9)
# Java VM: OpenJDK 64-Bit Server VM Temurin-17.0.9+9 (17.0.9+9, mixed mode, emulated-client, tiered, compressed oops, compressed class ptrs, g1 gc, windows-amd64)
GC Precious Log:
 CPUs: 8 total, 8 available
 Memory: 4007M
 Large Page Support: Disabled
 NUMA Support: Disabled
 Compressed Oops: Enabled (32-bit)
 Heap Region Size: 1M
 Heap Min Capacity: 8M
 Heap Initial Capacity: 64M
 Heap Max Capacity: 1002M
 Pre-touch: Disabled
 Parallel Workers: 8
 Concurrent Workers: 2
 Concurrent Refinement Workers: 8
 Periodic GC: Disabled
Heap:
 garbage-first heap   total 46080K, used 21286K [0x00000000c1600000, 0x0000000100000000)
  region size 1024K, 9 young (9216K), 1 survivors (1024K)
 Metaspace       used 30066K, committed 30336K, reserved 1114112K
  class space    used 3640K, committed 3776K, reserved 1048576K
GC Heap History (20 events):
Event: 320.054 GC heap before
{Heap before GC invocations=3 (full 0):
 garbage-first heap   total 65536K, used 9761K [0x00000000c1600000, 0x0000000100000000)
  region size 1024K, 3 young (3072K), 1 survivors (1024K)
 Metaspace       used 18706K, committed 18944K, reserved 1114112K
  class space    used 2129K, committed 2240K, reserved 1048576K
}
Event: 320.159 GC heap after
{Heap after GC invocations=4 (full 0):
 garbage-first heap   total 65536K, used 8858K [0x00000000c1600000, 0x0000000100000000)
  region size 1024K, 1 young (1024K), 1 survivors (1024K)
 Metaspace       used 18706K, committed 18944K, reserved 1114112K
  class space    used 2129K, committed 2240K, reserved 1048576K
}
Event: 327.561 GC heap before
{Heap before GC invocations=4 (full 0):
 garbage-first heap   total 65536K, used 10906K [0x00000000c1600000, 0x0000000100000000)
  region size 1024K, 3 young (3072K), 1 survivors (1024K)
 Metaspace       used 19153K, committed 19392K, reserved 1114112K
  class space    used 2213K, committed 2304K, reserved 1048576K
}
Event: 327.574 GC heap after
{Heap after GC invocations=5 (full 0):
 garbage-first heap   total 65536K, used 8926K [0x00000000c1600000, 0x0000000100000000)
  region size 1024K, 1 young (1024K), 1 survivors (1024K)
 Metaspace       used 19153K, committed 19392K, reserved 1114112K
  class space    used 2213K, committed 2304K, reserved 1048576K
}
Event: 355.297 GC heap before
{Heap before GC invocations=5 (full 0):
 garbage-first heap   total 65536K, used 15070K [0x00000000c1600000, 0x0000000100000000)
  region size 1024K, 8 young (8192K), 1 survivors (1024K)
 Metaspace       used 20938K, committed 21184K, reserved 1114112K
  class space    used 2420K, committed 2560K, reserved 1048576K
}
Event: 355.511 GC heap after
{Heap after GC invocations=6 (full 0):
 garbage-first heap   total 65536K, used 9295K [0x00000000c1600000, 0x0000000100000000)
  region size 1024K, 1 young (1024K), 1 survivors (1024K)
 Metaspace       used 20938K, committed 21184K, reserved 1114112K
  class space    used 2420K, committed 2560K, reserved 1048576K
}
Event: 370.773 GC heap before
{Heap before GC invocations=6 (full 0):
 garbage-first heap   total 65536K, used 10319K [0x00000000c1600000, 0x0000000100000000)
  region size 1024K, 3 young (3072K), 1 survivors (1024K)
 Metaspace       used 21225K, committed 21504K, reserved 1114112K
  class space    used 2448K, committed 2624K, reserved 1048576K
}
Event: 370.860 GC heap after
{Heap after GC invocations=7 (full 0):
 garbage-first heap   total 65536K, used 9241K [0x00000000c1600000, 0x0000000100000000)
  region size 1024K, 1 young (1024K), 1 survivors (1024K)
 Metaspace       used 21225K, committed 21504K, reserved 1114112K
  class space    used 2448K, committed 2624K, reserved 1048576K
}
Event: 515.405 GC heap before
{Heap before GC invocations=8 (full 0):
 garbage-first heap   total 37888K, used 22553K [0x00000000c1600000, 0x0000000100000000)
  region size 1024K, 14 young (14336K), 1 survivors (1024K)
 Metaspace       used 24307K, committed 24576K, reserved 1114112K
  class space    used 2829K, committed 2944K, reserved 1048576K
}
Event: 515.497 GC heap after
{Heap after GC invocations=9 (full 0):
 garbage-first heap   total 37888K, used 10370K [0x00000000c1600000, 0x0000000100000000)
  region size 1024K, 2 young (2048K), 2 survivors (2048K)
 Metaspace       used 24307K, committed 24576K, reserved 1114112K
  class space    used 2829K, committed 2944K, reserved 1048576K
}
Event: 534.800 GC heap before
{Heap before GC invocations=9 (full 0):
 garbage-first heap   total 37888K, used 18562K [0x00000000c1600000, 0x0000000100000000)
  region size 1024K, 10 young (10240K), 2 survivors (2048K)
 Metaspace       used 25986K, committed 26240K, reserved 1114112K
  class space    used 3047K, committed 3136K, reserved 1048576K
}
Event: 534.928 GC heap after
{Heap after GC invocations=10 (full 0):
 garbage-first heap   total 37888K, used 10841K [0x00000000c1600000, 0x0000000100000000)
  region size 1024K, 1 young (1024K), 1 survivors (1024K)
 Metaspace       used 25986K, committed 26240K, reserved 1114112K
  class space    used 3047K, committed 3136K, reserved 1048576K
}
Event: 599.978 GC heap before
{Heap before GC invocations=10 (full 0):
 garbage-first heap   total 37888K, used 27225K [0x00000000c1600000, 0x0000000100000000)
  region size 1024K, 18 young (18432K), 1 survivors (1024K)
 Metaspace       used 28219K, committed 28480K, reserved 1114112K
  class space    used 3360K, committed 3456K, reserved 1048576K
}
Event: 600.653 GC heap after
{Heap after GC invocations=11 (full 0):
 garbage-first heap   total 37888K, used 12828K [0x00000000c1600000, 0x0000000100000000)
  region size 1024K, 3 young (3072K), 3 survivors (3072K)
 Metaspace       used 28219K, committed 28480K, reserved 1114112K
  class space    used 3360K, committed 3456K, reserved 1048576K
}
Event: 621.069 GC heap before
{Heap before GC invocations=11 (full 0):
 garbage-first heap   total 37888K, used 12828K [0x00000000c1600000, 0x0000000100000000)
  region size 1024K, 4 young (4096K), 3 survivors (3072K)
 Metaspace       used 28268K, committed 28544K, reserved 1114112K
  class space    used 3369K, committed 3520K, reserved 1048576K
}
Event: 621.645 GC heap after
{Heap after GC invocations=12 (full 0):
 garbage-first heap   total 37888K, used 13135K [0x00000000c1600000, 0x0000000100000000)
  region size 1024K, 1 young (1024K), 1 survivors (1024K)
 Metaspace       used 28268K, committed 28544K, reserved 1114112K
  class space    used 3369K, committed 3520K, reserved 1048576K
}
Event: 700.407 GC heap before
{Heap before GC invocations=12 (full 0):
 garbage-first heap   total 37888K, used 26447K [0x00000000c1600000, 0x0000000100000000)
  region size 1024K, 15 young (15360K), 1 survivors (1024K)
 Metaspace       used 28816K, committed 29120K, reserved 1114112K
  class space    used 3460K, committed 3584K, reserved 1048576K
}
Event: 700.766 GC heap after
{Heap after GC invocations=13 (full 0):
 garbage-first heap   total 37888K, used 13781K [0x00000000c1600000, 0x0000000100000000)
  region size 1024K, 1 young (1024K), 1 survivors (1024K)
 Metaspace       used 28816K, committed 29120K, reserved 1114112K
  class space    used 3460K, committed 3584K, reserved 1048576K
}
Event: 742.412 GC heap before
{Heap before GC invocations=13 (full 0):
 garbage-first heap   total 37888K, used 16853K [0x00000000c1600000, 0x0000000100000000)
  region size 1024K, 5 young (5120K), 1 survivors (1024K)
 Metaspace       used 29159K, committed 29440K, reserved 1114112K
  class space    used 3514K, committed 3648K, reserved 1048576K
}
Event: 742.570 GC heap after
{Heap after GC invocations=14 (full 0):
 garbage-first heap   total 46080K, used 14118K [0x00000000c1600000, 0x0000000100000000)
  region size 1024K, 1 young (1024K), 1 survivors (1024K)
 Metaspace       used 29159K, committed 29440K, reserved 1114112K
  class space    used 3514K, committed 3648K, reserved 1048576K
}

