# JRE version: OpenJDK Runtime Environment Temurin-17.0.9+9 (17.0.9+9) (build 17.0.9+9)
# Java VM: OpenJDK 64-Bit Server VM Temurin-17.0.9+9 (17.0.9+9, mixed mode, emulated-client, tiered, compressed oops, compressed class ptrs, g1 gc, windows-amd64)
GC Precious Log:
 CPUs: 8 total, 8 available
 Memory: 4007M
 Large Page Support: Disabled
 NUMA Support: Disabled
 Compressed Oops: Enabled (32-bit)
 Heap Region Size: 1M
 Heap Min Capacity: 8M
 Heap Initial Capacity: 64M
 Heap Max Capacity: 1002M
 Pre-touch: Disabled
 Parallel Workers: 8
 Concurrent Workers: 2
 Concurrent Refinement Workers: 8
 Periodic GC: Disabled
Heap:
 garbage-first heap   total 61440K, used 19086K [0x00000000c1600000, 0x0000000100000000)
  region size 1024K, 6 young (6144K), 1 survivors (1024K)
 Metaspace       used 31568K, committed 31872K, reserved 1114112K
  class space    used 3898K, committed 4032K, reserved 1048576K
GC Heap History (20 events):
Event: 517.178 GC heap before
{Heap before GC invocations=17 (full 0):
 garbage-first heap   total 61440K, used 11341K [0x00000000c1600000, 0x0000000100000000)
  region size 1024K, 3 young (3072K), 1 survivors (1024K)
 Metaspace       used 25395K, committed 25600K, reserved 1114112K
  class space    used 2988K, committed 3072K, reserved 1048576K
}
Event: 517.184 GC heap after
{Heap after GC invocations=18 (full 0):
 garbage-first heap   total 61440K, used 10402K [0x00000000c1600000, 0x0000000100000000)
  region size 1024K, 1 young (1024K), 1 survivors (1024K)
 Metaspace       used 25395K, committed 25600K, reserved 1114112K
  class space    used 2988K, committed 3072K, reserved 1048576K
}
Event: 530.929 GC heap before
{Heap before GC invocations=18 (full 0):
 garbage-first heap   total 61440K, used 13474K [0x00000000c1600000, 0x0000000100000000)
  region size 1024K, 4 young (4096K), 1 survivors (1024K)
 Metaspace       used 26069K, committed 26304K, reserved 1114112K
  class space    used 3075K, committed 3200K, reserved 1048576K
}
Event: 531.424 GC heap after
{Heap after GC invocations=19 (full 0):
 garbage-first heap   total 61440K, used 10810K [0x00000000c1600000, 0x0000000100000000)
  region size 1024K, 1 young (1024K), 1 survivors (1024K)
 Metaspace       used 26069K, committed 26304K, reserved 1114112K
  class space    used 3075K, committed 3200K, reserved 1048576K
}
Event: 533.826 GC heap before
{Heap before GC invocations=19 (full 0):
 garbage-first heap   total 61440K, used 12858K [0x00000000c1600000, 0x0000000100000000)
  region size 1024K, 4 young (4096K), 1 survivors (1024K)
 Metaspace       used 26729K, committed 27008K, reserved 1114112K
  class space    used 3167K, committed 3328K, reserved 1048576K
}
Event: 533.831 GC heap after
{Heap after GC invocations=20 (full 0):
 garbage-first heap   total 61440K, used 11178K [0x00000000c1600000, 0x0000000100000000)
  region size 1024K, 1 young (1024K), 1 survivors (1024K)
 Metaspace       used 26729K, committed 27008K, reserved 1114112K
  class space    used 3167K, committed 3328K, reserved 1048576K
}
Event: 553.108 GC heap before
{Heap before GC invocations=20 (full 0):
 garbage-first heap   total 61440K, used 16298K [0x00000000c1600000, 0x0000000100000000)
  region size 1024K, 6 young (6144K), 1 survivors (1024K)
 Metaspace       used 27301K, committed 27584K, reserved 1114112K
  class space    used 3253K, committed 3392K, reserved 1048576K
}
Event: 553.144 GC heap after
{Heap after GC invocations=21 (full 0):
 garbage-first heap   total 61440K, used 11898K [0x00000000c1600000, 0x0000000100000000)
  region size 1024K, 1 young (1024K), 1 survivors (1024K)
 Metaspace       used 27301K, committed 27584K, reserved 1114112K
  class space    used 3253K, committed 3392K, reserved 1048576K
}
Event: 571.831 GC heap before
{Heap before GC invocations=21 (full 0):
 garbage-first heap   total 61440K, used 19066K [0x00000000c1600000, 0x0000000100000000)
  region size 1024K, 8 young (8192K), 1 survivors (1024K)
 Metaspace       used 28113K, committed 28352K, reserved 1114112K
  class space    used 3348K, committed 3456K, reserved 1048576K
}
Event: 571.893 GC heap after
{Heap after GC invocations=22 (full 0):
 garbage-first heap   total 61440K, used 12919K [0x00000000c1600000, 0x0000000100000000)
  region size 1024K, 1 young (1024K), 1 survivors (1024K)
 Metaspace       used 28113K, committed 28352K, reserved 1114112K
  class space    used 3348K, committed 3456K, reserved 1048576K
}
Event: 597.069 GC heap before
{Heap before GC invocations=22 (full 0):
 garbage-first heap   total 61440K, used 21111K [0x00000000c1600000, 0x0000000100000000)
  region size 1024K, 9 young (9216K), 1 survivors (1024K)
 Metaspace       used 28582K, committed 28864K, reserved 1114112K
  class space    used 3421K, committed 3584K, reserved 1048576K
}
Event: 597.095 GC heap after
{Heap after GC invocations=23 (full 0):
 garbage-first heap   total 61440K, used 13435K [0x00000000c1600000, 0x0000000100000000)
  region size 1024K, 2 young (2048K), 2 survivors (2048K)
 Metaspace       used 28582K, committed 28864K, reserved 1114112K
  class space    used 3421K, committed 3584K, reserved 1048576K
}
Event: 668.208 GC heap before
{Heap before GC invocations=23 (full 0):
 garbage-first heap   total 61440K, used 23675K [0x00000000c1600000, 0x0000000100000000)
  region size 1024K, 12 young (12288K), 2 survivors (2048K)
 Metaspace       used 28915K, committed 29120K, reserved 1114112K
  class space    used 3481K, committed 3584K, reserved 1048576K
}
Event: 668.293 GC heap after
{Heap after GC invocations=24 (full 0):
 garbage-first heap   total 61440K, used 14028K [0x00000000c1600000, 0x0000000100000000)
  region size 1024K, 2 young (2048K), 2 survivors (2048K)
 Metaspace       used 28915K, committed 29120K, reserved 1114112K
  class space    used 3481K, committed 3584K, reserved 1048576K
}
Event: 743.878 GC heap before
{Heap before GC invocations=24 (full 0):
 garbage-first heap   total 61440K, used 27340K [0x00000000c1600000, 0x0000000100000000)
  region size 1024K, 16 young (16384K), 2 survivors (2048K)
 Metaspace       used 30678K, committed 30976K, reserved 1114112K
  class space    used 3734K, committed 3840K, reserved 1048576K
}
Event: 744.444 GC heap after
{Heap after GC invocations=25 (full 0):
 garbage-first heap   total 61440K, used 14613K [0x00000000c1600000, 0x0000000100000000)
  region size 1024K, 2 young (2048K), 2 survivors (2048K)
 Metaspace       used 30678K, committed 30976K, reserved 1114112K
  class space    used 3734K, committed 3840K, reserved 1048576K
}
Event: 751.536 GC heap before
{Heap before GC invocations=25 (full 0):
 garbage-first heap   total 61440K, used 15637K [0x00000000c1600000, 0x0000000100000000)
  region size 1024K, 3 young (3072K), 2 survivors (2048K)
 Metaspace       used 30826K, committed 31168K, reserved 1114112K
  class space    used 3754K, committed 3904K, reserved 1048576K
}
Event: 751.579 GC heap after
{Heap after GC invocations=26 (full 0):
 garbage-first heap   total 61440K, used 14827K [0x00000000c1600000, 0x0000000100000000)
  region size 1024K, 1 young (1024K), 1 survivors (1024K)
 Metaspace       used 30826K, committed 31168K, reserved 1114112K
  class space    used 3754K, committed 3904K, reserved 1048576K
}
Event: 776.371 GC heap before
{Heap before GC invocations=26 (full 0):
 garbage-first heap   total 61440K, used 18923K [0x00000000c1600000, 0x0000000100000000)
  region size 1024K, 5 young (5120K), 1 survivors (1024K)
 Metaspace       used 31215K, committed 31552K, reserved 1114112K
  class space    used 3833K, committed 3968K, reserved 1048576K
}
Event: 776.471 GC heap after
{Heap after GC invocations=27 (full 0):
 garbage-first heap   total 61440K, used 14990K [0x00000000c1600000, 0x0000000100000000)
  region size 1024K, 1 young (1024K), 1 survivors (1024K)
 Metaspace       used 31215K, committed 31552K, reserved 1114112K
  class space    used 3833K, committed 3968K, reserved 1048576K
}

