# JRE version: OpenJDK Runtime Environment Temurin-17.0.9+9 (17.0.9+9) (build 17.0.9+9)
# Java VM: OpenJDK 64-Bit Server VM Temurin-17.0.9+9 (17.0.9+9, mixed mode, emulated-client, tiered, compressed oops, compressed class ptrs, g1 gc, windows-amd64)
GC Precious Log:
 CPUs: 8 total, 8 available
 Memory: 4007M
 Large Page Support: Disabled
 NUMA Support: Disabled
 Compressed Oops: Enabled (32-bit)
 Heap Region Size: 1M
 Heap Min Capacity: 8M
 Heap Initial Capacity: 64M
 Heap Max Capacity: 1002M
 Pre-touch: Disabled
 Parallel Workers: 8
 Concurrent Workers: 2
 Concurrent Refinement Workers: 8
 Periodic GC: Disabled
Heap:
 garbage-first heap   total 46080K, used 23404K [0x00000000c1600000, 0x0000000100000000)
  region size 1024K, 11 young (11264K), 1 survivors (1024K)
 Metaspace       used 31053K, committed 31296K, reserved 1114112K
  class space    used 3803K, committed 3904K, reserved 1048576K
GC Heap History (20 events):
Event: 411.104 GC heap before
{Heap before GC invocations=5 (full 0):
 garbage-first heap   total 65536K, used 9743K [0x00000000c1600000, 0x0000000100000000)
  region size 1024K, 3 young (3072K), 2 survivors (2048K)
 Metaspace       used 20661K, committed 20992K, reserved 1114112K
  class space    used 2399K, committed 2560K, reserved 1048576K
}
Event: 411.144 GC heap after
{Heap after GC invocations=6 (full 0):
 garbage-first heap   total 65536K, used 8938K [0x00000000c1600000, 0x0000000100000000)
  region size 1024K, 1 young (1024K), 1 survivors (1024K)
 Metaspace       used 20661K, committed 20992K, reserved 1114112K
  class space    used 2399K, committed 2560K, reserved 1048576K
}
Event: 413.006 GC heap before
{Heap before GC invocations=6 (full 0):
 garbage-first heap   total 65536K, used 10986K [0x00000000c1600000, 0x0000000100000000)
  region size 1024K, 4 young (4096K), 1 survivors (1024K)
 Metaspace       used 21195K, committed 21504K, reserved 1114112K
  class space    used 2438K, committed 2560K, reserved 1048576K
}
Event: 413.741 GC heap after
{Heap after GC invocations=7 (full 0):
 garbage-first heap   total 65536K, used 8795K [0x00000000c1600000, 0x0000000100000000)
  region size 1024K, 1 young (1024K), 1 survivors (1024K)
 Metaspace       used 21195K, committed 21504K, reserved 1114112K
  class space    used 2438K, committed 2560K, reserved 1048576K
}
Event: 504.378 GC heap before
{Heap before GC invocations=8 (full 0):
 garbage-first heap   total 37888K, used 16987K [0x00000000c1600000, 0x0000000100000000)
  region size 1024K, 10 young (10240K), 1 survivors (1024K)
 Metaspace       used 23408K, committed 23680K, reserved 1114112K
  class space    used 2687K, committed 2816K, reserved 1048576K
}
Event: 505.199 GC heap after
{Heap after GC invocations=9 (full 0):
 garbage-first heap   total 37888K, used 9898K [0x00000000c1600000, 0x0000000100000000)
  region size 1024K, 2 young (2048K), 2 survivors (2048K)
 Metaspace       used 23408K, committed 23680K, reserved 1114112K
  class space    used 2687K, committed 2816K, reserved 1048576K
}
Event: 513.888 GC heap before
{Heap before GC invocations=9 (full 0):
 garbage-first heap   total 37888K, used 10922K [0x00000000c1600000, 0x0000000100000000)
  region size 1024K, 3 young (3072K), 2 survivors (2048K)
 Metaspace       used 23610K, committed 23808K, reserved 1114112K
  class space    used 2725K, committed 2816K, reserved 1048576K
}
Event: 513.913 GC heap after
{Heap after GC invocations=10 (full 0):
 garbage-first heap   total 37888K, used 10018K [0x00000000c1600000, 0x0000000100000000)
  region size 1024K, 1 young (1024K), 1 survivors (1024K)
 Metaspace       used 23610K, committed 23808K, reserved 1114112K
  class space    used 2725K, committed 2816K, reserved 1048576K
}
Event: 534.749 GC heap before
{Heap before GC invocations=10 (full 0):
 garbage-first heap   total 37888K, used 19234K [0x00000000c1600000, 0x0000000100000000)
  region size 1024K, 11 young (11264K), 1 survivors (1024K)
 Metaspace       used 25507K, committed 25728K, reserved 1114112K
  class space    used 3016K, committed 3136K, reserved 1048576K
}
Event: 534.788 GC heap after
{Heap after GC invocations=11 (full 0):
 garbage-first heap   total 37888K, used 10384K [0x00000000c1600000, 0x0000000100000000)
  region size 1024K, 1 young (1024K), 1 survivors (1024K)
 Metaspace       used 25507K, committed 25728K, reserved 1114112K
  class space    used 3016K, committed 3136K, reserved 1048576K
}
Event: 583.965 GC heap before
{Heap before GC invocations=11 (full 0):
 garbage-first heap   total 37888K, used 23696K [0x00000000c1600000, 0x0000000100000000)
  region size 1024K, 14 young (14336K), 1 survivors (1024K)
 Metaspace       used 27668K, committed 27904K, reserved 1114112K
  class space    used 3289K, committed 3392K, reserved 1048576K
}
Event: 584.381 GC heap after
{Heap after GC invocations=12 (full 0):
 garbage-first heap   total 37888K, used 12125K [0x00000000c1600000, 0x0000000100000000)
  region size 1024K, 2 young (2048K), 2 survivors (2048K)
 Metaspace       used 27668K, committed 27904K, reserved 1114112K
  class space    used 3289K, committed 3392K, reserved 1048576K
}
Event: 590.596 GC heap before
{Heap before GC invocations=12 (full 0):
 garbage-first heap   total 37888K, used 14173K [0x00000000c1600000, 0x0000000100000000)
  region size 1024K, 5 young (5120K), 2 survivors (2048K)
 Metaspace       used 28014K, committed 28288K, reserved 1114112K
  class space    used 3331K, committed 3456K, reserved 1048576K
}
Event: 590.716 GC heap after
{Heap after GC invocations=13 (full 0):
 garbage-first heap   total 46080K, used 12435K [0x00000000c1600000, 0x0000000100000000)
  region size 1024K, 1 young (1024K), 1 survivors (1024K)
 Metaspace       used 28014K, committed 28288K, reserved 1114112K
  class space    used 3331K, committed 3456K, reserved 1048576K
}
Event: 691.289 GC heap before
{Heap before GC invocations=13 (full 0):
 garbage-first heap   total 46080K, used 29843K [0x00000000c1600000, 0x0000000100000000)
  region size 1024K, 18 young (18432K), 1 survivors (1024K)
 Metaspace       used 28764K, committed 28992K, reserved 1114112K
  class space    used 3457K, committed 3584K, reserved 1048576K
}
Event: 691.683 GC heap after
{Heap after GC invocations=14 (full 0):
 garbage-first heap   total 46080K, used 13651K [0x00000000c1600000, 0x0000000100000000)
  region size 1024K, 2 young (2048K), 2 survivors (2048K)
 Metaspace       used 28764K, committed 28992K, reserved 1114112K
  class space    used 3457K, committed 3584K, reserved 1048576K
}
Event: 696.382 GC heap before
{Heap before GC invocations=14 (full 0):
 garbage-first heap   total 46080K, used 15699K [0x00000000c1600000, 0x0000000100000000)
  region size 1024K, 4 young (4096K), 2 survivors (2048K)
 Metaspace       used 28817K, committed 29056K, reserved 1114112K
  class space    used 3468K, committed 3584K, reserved 1048576K
}
Event: 696.461 GC heap after
{Heap after GC invocations=15 (full 0):
 garbage-first heap   total 46080K, used 13816K [0x00000000c1600000, 0x0000000100000000)
  region size 1024K, 1 young (1024K), 1 survivors (1024K)
 Metaspace       used 28817K, committed 29056K, reserved 1114112K
  class space    used 3468K, committed 3584K, reserved 1048576K
}
Event: 728.145 GC heap before
{Heap before GC invocations=15 (full 0):
 garbage-first heap   total 46080K, used 22008K [0x00000000c1600000, 0x0000000100000000)
  region size 1024K, 9 young (9216K), 1 survivors (1024K)
 Metaspace       used 29882K, committed 30208K, reserved 1114112K
  class space    used 3612K, committed 3776K, reserved 1048576K
}
Event: 728.197 GC heap after
{Heap after GC invocations=16 (full 0):
 garbage-first heap   total 46080K, used 14188K [0x00000000c1600000, 0x0000000100000000)
  region size 1024K, 1 young (1024K), 1 survivors (1024K)
 Metaspace       used 29882K, committed 30208K, reserved 1114112K
  class space    used 3612K, committed 3776K, reserved 1048576K
}

