# JRE version: OpenJDK Runtime Environment Temurin-17.0.9+9 (17.0.9+9) (build 17.0.9+9)
# Java VM: OpenJDK 64-Bit Server VM Temurin-17.0.9+9 (17.0.9+9, mixed mode, emulated-client, tiered, compressed oops, compressed class ptrs, g1 gc, windows-amd64)
GC Precious Log:
 CPUs: 8 total, 8 available
 Memory: 4007M
 Large Page Support: Disabled
 NUMA Support: Disabled
 Compressed Oops: Enabled (32-bit)
 Heap Region Size: 1M
 Heap Min Capacity: 8M
 Heap Initial Capacity: 64M
 Heap Max Capacity: 1002M
 Pre-touch: Disabled
 Parallel Workers: 8
 Concurrent Workers: 2
 Concurrent Refinement Workers: 8
 Periodic GC: Disabled
Heap:
 garbage-first heap   total 49152K, used 17201K [0x00000000c1600000, 0x0000000100000000)
  region size 1024K, 4 young (4096K), 1 survivors (1024K)
 Metaspace       used 32099K, committed 32384K, reserved 1114112K
  class space    used 3974K, committed 4096K, reserved 1048576K
GC Heap History (20 events):
Event: 382.272 GC heap before
{Heap before GC invocations=9 (full 0):
 garbage-first heap   total 40960K, used 24419K [0x00000000c1600000, 0x0000000100000000)
  region size 1024K, 15 young (15360K), 1 survivors (1024K)
 Metaspace       used 26584K, committed 26880K, reserved 1114112K
  class space    used 3150K, committed 3328K, reserved 1048576K
}
Event: 382.352 GC heap after
{Heap after GC invocations=10 (full 0):
 garbage-first heap   total 40960K, used 10958K [0x00000000c1600000, 0x0000000100000000)
  region size 1024K, 2 young (2048K), 2 survivors (2048K)
 Metaspace       used 26584K, committed 26880K, reserved 1114112K
  class space    used 3150K, committed 3328K, reserved 1048576K
}
Event: 533.532 GC heap before
{Heap before GC invocations=10 (full 0):
 garbage-first heap   total 40960K, used 22222K [0x00000000c1600000, 0x0000000100000000)
  region size 1024K, 14 young (14336K), 2 survivors (2048K)
 Metaspace       used 27981K, committed 28224K, reserved 1114112K
  class space    used 3322K, committed 3456K, reserved 1048576K
}
Event: 533.848 GC heap after
{Heap after GC invocations=11 (full 0):
 garbage-first heap   total 40960K, used 12160K [0x00000000c1600000, 0x0000000100000000)
  region size 1024K, 2 young (2048K), 2 survivors (2048K)
 Metaspace       used 27981K, committed 28224K, reserved 1114112K
  class space    used 3322K, committed 3456K, reserved 1048576K
}
Event: 557.511 GC heap before
{Heap before GC invocations=11 (full 0):
 garbage-first heap   total 40960K, used 15232K [0x00000000c1600000, 0x0000000100000000)
  region size 1024K, 5 young (5120K), 2 survivors (2048K)
 Metaspace       used 28177K, committed 28416K, reserved 1114112K
  class space    used 3356K, committed 3456K, reserved 1048576K
}
Event: 557.996 GC heap after
{Heap after GC invocations=12 (full 0):
 garbage-first heap   total 40960K, used 12698K [0x00000000c1600000, 0x0000000100000000)
  region size 1024K, 1 young (1024K), 1 survivors (1024K)
 Metaspace       used 28177K, committed 28416K, reserved 1114112K
  class space    used 3356K, committed 3456K, reserved 1048576K
}
Event: 596.233 GC heap before
{Heap before GC invocations=12 (full 0):
 garbage-first heap   total 40960K, used 21914K [0x00000000c1600000, 0x0000000100000000)
  region size 1024K, 10 young (10240K), 1 survivors (1024K)
 Metaspace       used 28620K, committed 28928K, reserved 1114112K
  class space    used 3424K, committed 3584K, reserved 1048576K
}
Event: 596.550 GC heap after
{Heap after GC invocations=13 (full 0):
 garbage-first heap   total 49152K, used 13213K [0x00000000c1600000, 0x0000000100000000)
  region size 1024K, 2 young (2048K), 2 survivors (2048K)
 Metaspace       used 28620K, committed 28928K, reserved 1114112K
  class space    used 3424K, committed 3584K, reserved 1048576K
}
Event: 604.179 GC heap before
{Heap before GC invocations=13 (full 0):
 garbage-first heap   total 49152K, used 14237K [0x00000000c1600000, 0x0000000100000000)
  region size 1024K, 4 young (4096K), 2 survivors (2048K)
 Metaspace       used 28677K, committed 28992K, reserved 1114112K
  class space    used 3434K, committed 3584K, reserved 1048576K
}
Event: 604.190 GC heap after
{Heap after GC invocations=14 (full 0):
 garbage-first heap   total 49152K, used 13382K [0x00000000c1600000, 0x0000000100000000)
  region size 1024K, 1 young (1024K), 1 survivors (1024K)
 Metaspace       used 28677K, committed 28992K, reserved 1114112K
  class space    used 3434K, committed 3584K, reserved 1048576K
}
Event: 690.588 GC heap before
{Heap before GC invocations=14 (full 0):
 garbage-first heap   total 49152K, used 28742K [0x00000000c1600000, 0x0000000100000000)
  region size 1024K, 16 young (16384K), 1 survivors (1024K)
 Metaspace       used 30030K, committed 30272K, reserved 1114112K
  class space    used 3636K, committed 3776K, reserved 1048576K
}
Event: 691.521 GC heap after
{Heap after GC invocations=15 (full 0):
 garbage-first heap   total 49152K, used 14175K [0x00000000c1600000, 0x0000000100000000)
  region size 1024K, 1 young (1024K), 1 survivors (1024K)
 Metaspace       used 30030K, committed 30272K, reserved 1114112K
  class space    used 3636K, committed 3776K, reserved 1048576K
}
Event: 692.459 GC heap before
{Heap before GC invocations=15 (full 0):
 garbage-first heap   total 49152K, used 15199K [0x00000000c1600000, 0x0000000100000000)
  region size 1024K, 2 young (2048K), 1 survivors (1024K)
 Metaspace       used 30114K, committed 30336K, reserved 1114112K
  class space    used 3655K, committed 3776K, reserved 1048576K
}
Event: 692.513 GC heap after
{Heap after GC invocations=16 (full 0):
 garbage-first heap   total 49152K, used 14313K [0x00000000c1600000, 0x0000000100000000)
  region size 1024K, 1 young (1024K), 1 survivors (1024K)
 Metaspace       used 30114K, committed 30336K, reserved 1114112K
  class space    used 3655K, committed 3776K, reserved 1048576K
}
Event: 702.236 GC heap before
{Heap before GC invocations=16 (full 0):
 garbage-first heap   total 49152K, used 17385K [0x00000000c1600000, 0x0000000100000000)
  region size 1024K, 4 young (4096K), 1 survivors (1024K)
 Metaspace       used 30459K, committed 30720K, reserved 1114112K
  class space    used 3702K, committed 3840K, reserved 1048576K
}
Event: 702.269 GC heap after
{Heap after GC invocations=17 (full 0):
 garbage-first heap   total 49152K, used 14421K [0x00000000c1600000, 0x0000000100000000)
  region size 1024K, 1 young (1024K), 1 survivors (1024K)
 Metaspace       used 30459K, committed 30720K, reserved 1114112K
  class space    used 3702K, committed 3840K, reserved 1048576K
}
Event: 744.180 GC heap before
{Heap before GC invocations=17 (full 0):
 garbage-first heap   total 49152K, used 18517K [0x00000000c1600000, 0x0000000100000000)
  region size 1024K, 5 young (5120K), 1 survivors (1024K)
 Metaspace       used 31052K, committed 31360K, reserved 1114112K
  class space    used 3798K, committed 3904K, reserved 1048576K
}
Event: 744.196 GC heap after
{Heap after GC invocations=18 (full 0):
 garbage-first heap   total 49152K, used 14617K [0x00000000c1600000, 0x0000000100000000)
  region size 1024K, 1 young (1024K), 1 survivors (1024K)
 Metaspace       used 31052K, committed 31360K, reserved 1114112K
  class space    used 3798K, committed 3904K, reserved 1048576K
}
Event: 777.833 GC heap before
{Heap before GC invocations=18 (full 0):
 garbage-first heap   total 49152K, used 21785K [0x00000000c1600000, 0x0000000100000000)
  region size 1024K, 8 young (8192K), 1 survivors (1024K)
 Metaspace       used 31631K, committed 31936K, reserved 1114112K
  class space    used 3901K, committed 4032K, reserved 1048576K
}
Event: 777.886 GC heap after
{Heap after GC invocations=19 (full 0):
 garbage-first heap   total 49152K, used 15153K [0x00000000c1600000, 0x0000000100000000)
  region size 1024K, 1 young (1024K), 1 survivors (1024K)
 Metaspace       used 31631K, committed 31936K, reserved 1114112K
  class space    used 3901K, committed 4032K, reserved 1048576K
}

