# JRE version: OpenJDK Runtime Environment Temurin-17.0.9+9 (17.0.9+9) (build 17.0.9+9)
# Java VM: OpenJDK 64-Bit Server VM Temurin-17.0.9+9 (17.0.9+9, mixed mode, emulated-client, tiered, compressed oops, compressed class ptrs, g1 gc, windows-amd64)
GC Precious Log:
 CPUs: 8 total, 8 available
 Memory: 4007M
 Large Page Support: Disabled
 NUMA Support: Disabled
 Compressed Oops: Enabled (32-bit)
 Heap Region Size: 1M
 Heap Min Capacity: 8M
 Heap Initial Capacity: 64M
 Heap Max Capacity: 1002M
 Pre-touch: Disabled
 Parallel Workers: 8
 Concurrent Workers: 2
 Concurrent Refinement Workers: 8
 Periodic GC: Disabled
Heap:
 garbage-first heap   total 37888K, used 19728K [0x00000000c1600000, 0x0000000100000000)
  region size 1024K, 7 young (7168K), 2 survivors (2048K)
 Metaspace       used 33475K, committed 33856K, reserved 1114112K
  class space    used 4208K, committed 4416K, reserved 1048576K
GC Heap History (20 events):
Event: 500.537 GC heap before
{Heap before GC invocations=13 (full 0):
 garbage-first heap   total 37888K, used 10418K [0x00000000c1600000, 0x0000000100000000)
  region size 1024K, 3 young (3072K), 1 survivors (1024K)
 Metaspace       used 21533K, committed 21824K, reserved 1114112K
  class space    used 2470K, committed 2624K, reserved 1048576K
}
Event: 500.551 GC heap after
{Heap after GC invocations=14 (full 0):
 garbage-first heap   total 37888K, used 9450K [0x00000000c1600000, 0x0000000100000000)
  region size 1024K, 1 young (1024K), 1 survivors (1024K)
 Metaspace       used 21533K, committed 21824K, reserved 1114112K
  class space    used 2470K, committed 2624K, reserved 1048576K
}
Event: 506.809 GC heap before
{Heap before GC invocations=14 (full 0):
 garbage-first heap   total 37888K, used 15594K [0x00000000c1600000, 0x0000000100000000)
  region size 1024K, 8 young (8192K), 1 survivors (1024K)
 Metaspace       used 23602K, committed 23808K, reserved 1114112K
  class space    used 2716K, committed 2816K, reserved 1048576K
}
Event: 507.472 GC heap after
{Heap after GC invocations=15 (full 0):
 garbage-first heap   total 37888K, used 10463K [0x00000000c1600000, 0x0000000100000000)
  region size 1024K, 1 young (1024K), 1 survivors (1024K)
 Metaspace       used 23602K, committed 23808K, reserved 1114112K
  class space    used 2716K, committed 2816K, reserved 1048576K
}
Event: 520.189 GC heap before
{Heap before GC invocations=15 (full 0):
 garbage-first heap   total 37888K, used 15583K [0x00000000c1600000, 0x0000000100000000)
  region size 1024K, 8 young (8192K), 1 survivors (1024K)
 Metaspace       used 24686K, committed 24960K, reserved 1114112K
  class space    used 2872K, committed 3008K, reserved 1048576K
}
Event: 520.207 GC heap after
{Heap after GC invocations=16 (full 0):
 garbage-first heap   total 37888K, used 10822K [0x00000000c1600000, 0x0000000100000000)
  region size 1024K, 1 young (1024K), 1 survivors (1024K)
 Metaspace       used 24686K, committed 24960K, reserved 1114112K
  class space    used 2872K, committed 3008K, reserved 1048576K
}
Event: 556.753 GC heap before
{Heap before GC invocations=16 (full 0):
 garbage-first heap   total 37888K, used 24134K [0x00000000c1600000, 0x0000000100000000)
  region size 1024K, 14 young (14336K), 1 survivors (1024K)
 Metaspace       used 27179K, committed 27392K, reserved 1114112K
  class space    used 3237K, committed 3328K, reserved 1048576K
}
Event: 556.826 GC heap after
{Heap after GC invocations=17 (full 0):
 garbage-first heap   total 37888K, used 12191K [0x00000000c1600000, 0x0000000100000000)
  region size 1024K, 2 young (2048K), 2 survivors (2048K)
 Metaspace       used 27179K, committed 27392K, reserved 1114112K
  class space    used 3237K, committed 3328K, reserved 1048576K
}
Event: 586.172 GC heap before
{Heap before GC invocations=17 (full 0):
 garbage-first heap   total 37888K, used 23455K [0x00000000c1600000, 0x0000000100000000)
  region size 1024K, 14 young (14336K), 2 survivors (2048K)
 Metaspace       used 28313K, committed 28608K, reserved 1114112K
  class space    used 3382K, committed 3520K, reserved 1048576K
}
Event: 586.396 GC heap after
{Heap after GC invocations=18 (full 0):
 garbage-first heap   total 37888K, used 13538K [0x00000000c1600000, 0x0000000100000000)
  region size 1024K, 2 young (2048K), 2 survivors (2048K)
 Metaspace       used 28313K, committed 28608K, reserved 1114112K
  class space    used 3382K, committed 3520K, reserved 1048576K
}
Event: 654.147 GC heap before
{Heap before GC invocations=18 (full 0):
 garbage-first heap   total 37888K, used 25826K [0x00000000c1600000, 0x0000000100000000)
  region size 1024K, 14 young (14336K), 2 survivors (2048K)
 Metaspace       used 28808K, committed 29056K, reserved 1114112K
  class space    used 3462K, committed 3584K, reserved 1048576K
}
Event: 654.872 GC heap after
{Heap after GC invocations=19 (full 0):
 garbage-first heap   total 37888K, used 14459K [0x00000000c1600000, 0x0000000100000000)
  region size 1024K, 1 young (1024K), 1 survivors (1024K)
 Metaspace       used 28808K, committed 29056K, reserved 1114112K
  class space    used 3462K, committed 3584K, reserved 1048576K
}
Event: 686.126 GC heap before
{Heap before GC invocations=19 (full 0):
 garbage-first heap   total 37888K, used 20603K [0x00000000c1600000, 0x0000000100000000)
  region size 1024K, 8 young (8192K), 1 survivors (1024K)
 Metaspace       used 29568K, committed 29824K, reserved 1114112K
  class space    used 3571K, committed 3712K, reserved 1048576K
}
Event: 686.589 GC heap after
{Heap after GC invocations=20 (full 0):
 garbage-first heap   total 37888K, used 14938K [0x00000000c1600000, 0x0000000100000000)
  region size 1024K, 1 young (1024K), 1 survivors (1024K)
 Metaspace       used 29568K, committed 29824K, reserved 1114112K
  class space    used 3571K, committed 3712K, reserved 1048576K
}
Event: 697.502 GC heap before
{Heap before GC invocations=20 (full 0):
 garbage-first heap   total 37888K, used 22106K [0x00000000c1600000, 0x0000000100000000)
  region size 1024K, 8 young (8192K), 1 survivors (1024K)
 Metaspace       used 30395K, committed 30656K, reserved 1114112K
  class space    used 3695K, committed 3840K, reserved 1048576K
}
Event: 697.607 GC heap after
{Heap after GC invocations=21 (full 0):
 garbage-first heap   total 37888K, used 15256K [0x00000000c1600000, 0x0000000100000000)
  region size 1024K, 1 young (1024K), 1 survivors (1024K)
 Metaspace       used 30395K, committed 30656K, reserved 1114112K
  class space    used 3695K, committed 3840K, reserved 1048576K
}
Event: 724.672 GC heap before
{Heap before GC invocations=21 (full 0):
 garbage-first heap   total 37888K, used 24472K [0x00000000c1600000, 0x0000000100000000)
  region size 1024K, 10 young (10240K), 1 survivors (1024K)
 Metaspace       used 31461K, committed 31744K, reserved 1114112K
  class space    used 3873K, committed 3968K, reserved 1048576K
}
Event: 724.716 GC heap after
{Heap after GC invocations=22 (full 0):
 garbage-first heap   total 37888K, used 15830K [0x00000000c1600000, 0x0000000100000000)
  region size 1024K, 2 young (2048K), 2 survivors (2048K)
 Metaspace       used 31461K, committed 31744K, reserved 1114112K
  class space    used 3873K, committed 3968K, reserved 1048576K
}
Event: 771.903 GC heap before
{Heap before GC invocations=22 (full 0):
 garbage-first heap   total 37888K, used 24022K [0x00000000c1600000, 0x0000000100000000)
  region size 1024K, 11 young (11264K), 2 survivors (2048K)
 Metaspace       used 32767K, committed 33216K, reserved 1114112K
  class space    used 4070K, committed 4288K, reserved 1048576K
}
Event: 772.260 GC heap after
{Heap after GC invocations=23 (full 0):
 garbage-first heap   total 37888K, used 16656K [0x00000000c1600000, 0x0000000100000000)
  region size 1024K, 2 young (2048K), 2 survivors (2048K)
 Metaspace       used 32767K, committed 33216K, reserved 1114112K
  class space    used 4070K, committed 4288K, reserved 1048576K
}

