# JRE version: OpenJDK Runtime Environment Temurin-17.0.9+9 (17.0.9+9) (build 17.0.9+9)
# Java VM: OpenJDK 64-Bit Server VM Temurin-17.0.9+9 (17.0.9+9, mixed mode, emulated-client, tiered, compressed oops, compressed class ptrs, g1 gc, windows-amd64)
GC Precious Log:
 CPUs: 8 total, 8 available
 Memory: 4007M
 Large Page Support: Disabled
 NUMA Support: Disabled
 Compressed Oops: Enabled (32-bit)
 Heap Region Size: 1M
 Heap Min Capacity: 8M
 Heap Initial Capacity: 64M
 Heap Max Capacity: 1002M
 Pre-touch: Disabled
 Parallel Workers: 8
 Concurrent Workers: 2
 Concurrent Refinement Workers: 8
 Periodic GC: Disabled
Heap:
 garbage-first heap   total 55296K, used 19775K [0x00000000c1600000, 0x0000000100000000)
  region size 1024K, 8 young (8192K), 2 survivors (2048K)
 Metaspace       used 30158K, committed 30400K, reserved 1114112K
  class space    used 3660K, committed 3776K, reserved 1048576K
GC Heap History (20 events):
Event: 534.339 GC heap before
{Heap before GC invocations=19 (full 0):
 garbage-first heap   total 46080K, used 11887K [0x00000000c1600000, 0x0000000100000000)
  region size 1024K, 2 young (2048K), 1 survivors (1024K)
 Metaspace       used 25823K, committed 26048K, reserved 1114112K
  class space    used 3039K, committed 3136K, reserved 1048576K
}
Event: 534.374 GC heap after
{Heap after GC invocations=20 (full 0):
 garbage-first heap   total 46080K, used 11005K [0x00000000c1600000, 0x0000000100000000)
  region size 1024K, 1 young (1024K), 1 survivors (1024K)
 Metaspace       used 25823K, committed 26048K, reserved 1114112K
  class space    used 3039K, committed 3136K, reserved 1048576K
}
Event: 535.329 GC heap before
{Heap before GC invocations=20 (full 0):
 garbage-first heap   total 46080K, used 12029K [0x00000000c1600000, 0x0000000100000000)
  region size 1024K, 3 young (3072K), 1 survivors (1024K)
 Metaspace       used 26014K, committed 26304K, reserved 1114112K
  class space    used 3074K, committed 3200K, reserved 1048576K
}
Event: 535.339 GC heap after
{Heap after GC invocations=21 (full 0):
 garbage-first heap   total 46080K, used 10983K [0x00000000c1600000, 0x0000000100000000)
  region size 1024K, 1 young (1024K), 1 survivors (1024K)
 Metaspace       used 26014K, committed 26304K, reserved 1114112K
  class space    used 3074K, committed 3200K, reserved 1048576K
}
Event: 546.401 GC heap before
{Heap before GC invocations=21 (full 0):
 garbage-first heap   total 46080K, used 12007K [0x00000000c1600000, 0x0000000100000000)
  region size 1024K, 2 young (2048K), 1 survivors (1024K)
 Metaspace       used 26207K, committed 26432K, reserved 1114112K
  class space    used 3110K, committed 3200K, reserved 1048576K
}
Event: 546.413 GC heap after
{Heap after GC invocations=22 (full 0):
 garbage-first heap   total 46080K, used 11141K [0x00000000c1600000, 0x0000000100000000)
  region size 1024K, 1 young (1024K), 1 survivors (1024K)
 Metaspace       used 26207K, committed 26432K, reserved 1114112K
  class space    used 3110K, committed 3200K, reserved 1048576K
}
Event: 559.451 GC heap before
{Heap before GC invocations=22 (full 0):
 garbage-first heap   total 46080K, used 13189K [0x00000000c1600000, 0x0000000100000000)
  region size 1024K, 3 young (3072K), 1 survivors (1024K)
 Metaspace       used 26667K, committed 27008K, reserved 1114112K
  class space    used 3155K, committed 3328K, reserved 1048576K
}
Event: 559.474 GC heap after
{Heap after GC invocations=23 (full 0):
 garbage-first heap   total 46080K, used 11457K [0x00000000c1600000, 0x0000000100000000)
  region size 1024K, 1 young (1024K), 1 survivors (1024K)
 Metaspace       used 26667K, committed 27008K, reserved 1114112K
  class space    used 3155K, committed 3328K, reserved 1048576K
}
Event: 575.610 GC heap before
{Heap before GC invocations=23 (full 0):
 garbage-first heap   total 46080K, used 13505K [0x00000000c1600000, 0x0000000100000000)
  region size 1024K, 4 young (4096K), 1 survivors (1024K)
 Metaspace       used 27007K, committed 27264K, reserved 1114112K
  class space    used 3215K, committed 3328K, reserved 1048576K
}
Event: 575.685 GC heap after
{Heap after GC invocations=24 (full 0):
 garbage-first heap   total 46080K, used 11865K [0x00000000c1600000, 0x0000000100000000)
  region size 1024K, 1 young (1024K), 1 survivors (1024K)
 Metaspace       used 27007K, committed 27264K, reserved 1114112K
  class space    used 3215K, committed 3328K, reserved 1048576K
}
Event: 577.681 GC heap before
{Heap before GC invocations=24 (full 0):
 garbage-first heap   total 46080K, used 14937K [0x00000000c1600000, 0x0000000100000000)
  region size 1024K, 4 young (4096K), 1 survivors (1024K)
 Metaspace       used 27412K, committed 27712K, reserved 1114112K
  class space    used 3263K, committed 3392K, reserved 1048576K
}
Event: 577.694 GC heap after
{Heap after GC invocations=25 (full 0):
 garbage-first heap   total 55296K, used 12531K [0x00000000c1600000, 0x0000000100000000)
  region size 1024K, 1 young (1024K), 1 survivors (1024K)
 Metaspace       used 27412K, committed 27712K, reserved 1114112K
  class space    used 3263K, committed 3392K, reserved 1048576K
}
Event: 582.531 GC heap before
{Heap before GC invocations=25 (full 0):
 garbage-first heap   total 55296K, used 14579K [0x00000000c1600000, 0x0000000100000000)
  region size 1024K, 4 young (4096K), 1 survivors (1024K)
 Metaspace       used 27835K, committed 28160K, reserved 1114112K
  class space    used 3307K, committed 3456K, reserved 1048576K
}
Event: 582.578 GC heap after
{Heap after GC invocations=26 (full 0):
 garbage-first heap   total 55296K, used 12862K [0x00000000c1600000, 0x0000000100000000)
  region size 1024K, 1 young (1024K), 1 survivors (1024K)
 Metaspace       used 27835K, committed 28160K, reserved 1114112K
  class space    used 3307K, committed 3456K, reserved 1048576K
}
Event: 613.126 GC heap before
{Heap before GC invocations=26 (full 0):
 garbage-first heap   total 55296K, used 20030K [0x00000000c1600000, 0x0000000100000000)
  region size 1024K, 9 young (9216K), 1 survivors (1024K)
 Metaspace       used 28348K, committed 28672K, reserved 1114112K
  class space    used 3388K, committed 3520K, reserved 1048576K
}
Event: 613.159 GC heap after
{Heap after GC invocations=27 (full 0):
 garbage-first heap   total 55296K, used 13610K [0x00000000c1600000, 0x0000000100000000)
  region size 1024K, 2 young (2048K), 2 survivors (2048K)
 Metaspace       used 28348K, committed 28672K, reserved 1114112K
  class space    used 3388K, committed 3520K, reserved 1048576K
}
Event: 676.246 GC heap before
{Heap before GC invocations=27 (full 0):
 garbage-first heap   total 55296K, used 22826K [0x00000000c1600000, 0x0000000100000000)
  region size 1024K, 11 young (11264K), 2 survivors (2048K)
 Metaspace       used 28763K, committed 29056K, reserved 1114112K
  class space    used 3451K, committed 3584K, reserved 1048576K
}
Event: 676.347 GC heap after
{Heap after GC invocations=28 (full 0):
 garbage-first heap   total 55296K, used 14099K [0x00000000c1600000, 0x0000000100000000)
  region size 1024K, 2 young (2048K), 2 survivors (2048K)
 Metaspace       used 28763K, committed 29056K, reserved 1114112K
  class space    used 3451K, committed 3584K, reserved 1048576K
}
Event: 754.909 GC heap before
{Heap before GC invocations=28 (full 0):
 garbage-first heap   total 55296K, used 24339K [0x00000000c1600000, 0x0000000100000000)
  region size 1024K, 12 young (12288K), 2 survivors (2048K)
 Metaspace       used 29520K, committed 29824K, reserved 1114112K
  class space    used 3564K, committed 3712K, reserved 1048576K
}
Event: 755.205 GC heap after
{Heap after GC invocations=29 (full 0):
 garbage-first heap   total 55296K, used 14655K [0x00000000c1600000, 0x0000000100000000)
  region size 1024K, 2 young (2048K), 2 survivors (2048K)
 Metaspace       used 29520K, committed 29824K, reserved 1114112K
  class space    used 3564K, committed 3712K, reserved 1048576K
}

