# JRE version: OpenJDK Runtime Environment Temurin-17.0.9+9 (17.0.9+9) (build 17.0.9+9)
# Java VM: OpenJDK 64-Bit Server VM Temurin-17.0.9+9 (17.0.9+9, mixed mode, emulated-client, tiered, compressed oops, compressed class ptrs, g1 gc, windows-amd64)
GC Precious Log:
 CPUs: 8 total, 8 available
 Memory: 4007M
 Large Page Support: Disabled
 NUMA Support: Disabled
 Compressed Oops: Enabled (32-bit)
 Heap Region Size: 1M
 Heap Min Capacity: 8M
 Heap Initial Capacity: 64M
 Heap Max Capacity: 1002M
 Pre-touch: Disabled
 Parallel Workers: 8
 Concurrent Workers: 2
 Concurrent Refinement Workers: 8
 Periodic GC: Disabled
Heap:
 garbage-first heap   total 37888K, used 15025K [0x00000000c1600000, 0x0000000100000000)
  region size 1024K, 3 young (3072K), 2 survivors (2048K)
 Metaspace       used 30403K, committed 30656K, reserved 1114112K
  class space    used 3700K, committed 3840K, reserved 1048576K
GC Heap History (20 events):
Event: 617.780 GC heap before
{Heap before GC invocations=11 (full 0):
 garbage-first heap   total 37888K, used 13157K [0x00000000c1600000, 0x0000000100000000)
  region size 1024K, 2 young (2048K), 1 survivors (1024K)
 Metaspace       used 27203K, committed 27520K, reserved 1114112K
  class space    used 3245K, committed 3392K, reserved 1048576K
}
Event: 617.859 GC heap after
{Heap after GC invocations=12 (full 0):
 garbage-first heap   total 37888K, used 12235K [0x00000000c1600000, 0x0000000100000000)
  region size 1024K, 1 young (1024K), 1 survivors (1024K)
 Metaspace       used 27203K, committed 27520K, reserved 1114112K
  class space    used 3245K, committed 3392K, reserved 1048576K
}
Event: 638.562 GC heap before
{Heap before GC invocations=12 (full 0):
 garbage-first heap   total 37888K, used 13259K [0x00000000c1600000, 0x0000000100000000)
  region size 1024K, 2 young (2048K), 1 survivors (1024K)
 Metaspace       used 27297K, committed 27584K, reserved 1114112K
  class space    used 3256K, committed 3392K, reserved 1048576K
}
Event: 638.574 GC heap after
{Heap after GC invocations=13 (full 0):
 garbage-first heap   total 37888K, used 12322K [0x00000000c1600000, 0x0000000100000000)
  region size 1024K, 1 young (1024K), 1 survivors (1024K)
 Metaspace       used 27297K, committed 27584K, reserved 1114112K
  class space    used 3256K, committed 3392K, reserved 1048576K
}
Event: 656.752 GC heap before
{Heap before GC invocations=13 (full 0):
 garbage-first heap   total 37888K, used 16418K [0x00000000c1600000, 0x0000000100000000)
  region size 1024K, 6 young (6144K), 1 survivors (1024K)
 Metaspace       used 27895K, committed 28160K, reserved 1114112K
  class space    used 3317K, committed 3456K, reserved 1048576K
}
Event: 656.976 GC heap after
{Heap after GC invocations=14 (full 0):
 garbage-first heap   total 37888K, used 12819K [0x00000000c1600000, 0x0000000100000000)
  region size 1024K, 1 young (1024K), 1 survivors (1024K)
 Metaspace       used 27895K, committed 28160K, reserved 1114112K
  class space    used 3317K, committed 3456K, reserved 1048576K
}
Event: 677.744 GC heap before
{Heap before GC invocations=14 (full 0):
 garbage-first heap   total 37888K, used 14867K [0x00000000c1600000, 0x0000000100000000)
  region size 1024K, 4 young (4096K), 1 survivors (1024K)
 Metaspace       used 28162K, committed 28416K, reserved 1114112K
  class space    used 3360K, committed 3456K, reserved 1048576K
}
Event: 677.816 GC heap after
{Heap after GC invocations=15 (full 0):
 garbage-first heap   total 37888K, used 13233K [0x00000000c1600000, 0x0000000100000000)
  region size 1024K, 1 young (1024K), 1 survivors (1024K)
 Metaspace       used 28162K, committed 28416K, reserved 1114112K
  class space    used 3360K, committed 3456K, reserved 1048576K
}
Event: 697.101 GC heap before
{Heap before GC invocations=15 (full 0):
 garbage-first heap   total 37888K, used 20401K [0x00000000c1600000, 0x0000000100000000)
  region size 1024K, 8 young (8192K), 1 survivors (1024K)
 Metaspace       used 28506K, committed 28736K, reserved 1114112K
  class space    used 3410K, committed 3520K, reserved 1048576K
}
Event: 697.326 GC heap after
{Heap after GC invocations=16 (full 0):
 garbage-first heap   total 37888K, used 13721K [0x00000000c1600000, 0x0000000100000000)
  region size 1024K, 1 young (1024K), 1 survivors (1024K)
 Metaspace       used 28506K, committed 28736K, reserved 1114112K
  class space    used 3410K, committed 3520K, reserved 1048576K
}
Event: 701.597 GC heap before
{Heap before GC invocations=16 (full 0):
 garbage-first heap   total 37888K, used 16793K [0x00000000c1600000, 0x0000000100000000)
  region size 1024K, 4 young (4096K), 1 survivors (1024K)
 Metaspace       used 28638K, committed 28928K, reserved 1114112K
  class space    used 3435K, committed 3584K, reserved 1048576K
}
Event: 701.621 GC heap after
{Heap after GC invocations=17 (full 0):
 garbage-first heap   total 37888K, used 13949K [0x00000000c1600000, 0x0000000100000000)
  region size 1024K, 1 young (1024K), 1 survivors (1024K)
 Metaspace       used 28638K, committed 28928K, reserved 1114112K
  class space    used 3435K, committed 3584K, reserved 1048576K
}
Event: 733.937 GC heap before
{Heap before GC invocations=17 (full 0):
 garbage-first heap   total 37888K, used 21117K [0x00000000c1600000, 0x0000000100000000)
  region size 1024K, 8 young (8192K), 1 survivors (1024K)
 Metaspace       used 28837K, committed 29120K, reserved 1114112K
  class space    used 3473K, committed 3584K, reserved 1048576K
}
Event: 734.682 GC heap after
{Heap after GC invocations=18 (full 0):
 garbage-first heap   total 37888K, used 14410K [0x00000000c1600000, 0x0000000100000000)
  region size 1024K, 1 young (1024K), 1 survivors (1024K)
 Metaspace       used 28837K, committed 29120K, reserved 1114112K
  class space    used 3473K, committed 3584K, reserved 1048576K
}
Event: 746.473 GC heap before
{Heap before GC invocations=18 (full 0):
 garbage-first heap   total 37888K, used 15434K [0x00000000c1600000, 0x0000000100000000)
  region size 1024K, 2 young (2048K), 1 survivors (1024K)
 Metaspace       used 28965K, committed 29248K, reserved 1114112K
  class space    used 3493K, committed 3648K, reserved 1048576K
}
Event: 746.487 GC heap after
{Heap after GC invocations=19 (full 0):
 garbage-first heap   total 37888K, used 14368K [0x00000000c1600000, 0x0000000100000000)
  region size 1024K, 1 young (1024K), 1 survivors (1024K)
 Metaspace       used 28965K, committed 29248K, reserved 1114112K
  class space    used 3493K, committed 3648K, reserved 1048576K
}
Event: 763.513 GC heap before
{Heap before GC invocations=19 (full 0):
 garbage-first heap   total 37888K, used 17440K [0x00000000c1600000, 0x0000000100000000)
  region size 1024K, 4 young (4096K), 1 survivors (1024K)
 Metaspace       used 29350K, committed 29568K, reserved 1114112K
  class space    used 3548K, committed 3648K, reserved 1048576K
}
Event: 763.525 GC heap after
{Heap after GC invocations=20 (full 0):
 garbage-first heap   total 37888K, used 14478K [0x00000000c1600000, 0x0000000100000000)
  region size 1024K, 1 young (1024K), 1 survivors (1024K)
 Metaspace       used 29350K, committed 29568K, reserved 1114112K
  class space    used 3548K, committed 3648K, reserved 1048576K
}
Event: 787.030 GC heap before
{Heap before GC invocations=20 (full 0):
 garbage-first heap   total 37888K, used 23694K [0x00000000c1600000, 0x0000000100000000)
  region size 1024K, 10 young (10240K), 1 survivors (1024K)
 Metaspace       used 30395K, committed 30656K, reserved 1114112K
  class space    used 3700K, committed 3840K, reserved 1048576K
}
Event: 787.229 GC heap after
{Heap after GC invocations=21 (full 0):
 garbage-first heap   total 37888K, used 15025K [0x00000000c1600000, 0x0000000100000000)
  region size 1024K, 2 young (2048K), 2 survivors (2048K)
 Metaspace       used 30395K, committed 30656K, reserved 1114112K
  class space    used 3700K, committed 3840K, reserved 1048576K
}

