GC Precious Log:
 CPUs: 8 total, 8 available
 Memory: 4007M
 Large Page Support: Disabled
 NUMA Support: Disabled
 Compressed Oops: Enabled (32-bit)
 Heap Region Size: 1M
 Heap Min Capacity: 8M
 Heap Initial Capacity: 64M
 Heap Max Capacity: 1002M
 Pre-touch: Disabled
 Parallel Workers: 8
 Concurrent Workers: 2
 Concurrent Refinement Workers: 8
 Periodic GC: Disabled
Heap:
 garbage-first heap   total 59392K, used 22333K [0x00000000c1600000, 0x0000000100000000)
  region size 1024K, 10 young (10240K), 2 survivors (2048K)
 Metaspace       used 33132K, committed 33536K, reserved 1114112K
  class space    used 4138K, committed 4352K, reserved 1048576K
GC Heap History (20 events):
Event: 561.153 GC heap before
{Heap before GC invocations=17 (full 0):
 garbage-first heap   total 46080K, used 12540K [0x00000000c1600000, 0x0000000100000000)
  region size 1024K, 2 young (2048K), 1 survivors (1024K)
 Metaspace       used 27304K, committed 27648K, reserved 1114112K
  class space    used 3252K, committed 3392K, reserved 1048576K
}
Event: 561.166 GC heap after
{Heap after GC invocations=18 (full 0):
 garbage-first heap   total 46080K, used 11562K [0x00000000c1600000, 0x0000000100000000)
  region size 1024K, 1 young (1024K), 1 survivors (1024K)
 Metaspace       used 27304K, committed 27648K, reserved 1114112K
  class space    used 3252K, committed 3392K, reserved 1048576K
}
Event: 568.787 GC heap before
{Heap before GC invocations=18 (full 0):
 garbage-first heap   total 46080K, used 12586K [0x00000000c1600000, 0x0000000100000000)
  region size 1024K, 3 young (3072K), 1 survivors (1024K)
 Metaspace       used 27520K, committed 27776K, reserved 1114112K
  class space    used 3280K, committed 3392K, reserved 1048576K
}
Event: 568.828 GC heap after
{Heap after GC invocations=19 (full 0):
 garbage-first heap   total 46080K, used 11902K [0x00000000c1600000, 0x0000000100000000)
  region size 1024K, 1 young (1024K), 1 survivors (1024K)
 Metaspace       used 27520K, committed 27776K, reserved 1114112K
  class space    used 3280K, committed 3392K, reserved 1048576K
}
Event: 576.033 GC heap before
{Heap before GC invocations=19 (full 0):
 garbage-first heap   total 46080K, used 13950K [0x00000000c1600000, 0x0000000100000000)
  region size 1024K, 3 young (3072K), 1 survivors (1024K)
 Metaspace       used 27803K, committed 28096K, reserved 1114112K
  class space    used 3306K, committed 3456K, reserved 1048576K
}
Event: 576.053 GC heap after
{Heap after GC invocations=20 (full 0):
 garbage-first heap   total 46080K, used 12067K [0x00000000c1600000, 0x0000000100000000)
  region size 1024K, 1 young (1024K), 1 survivors (1024K)
 Metaspace       used 27803K, committed 28096K, reserved 1114112K
  class space    used 3306K, committed 3456K, reserved 1048576K
}
Event: 582.770 GC heap before
{Heap before GC invocations=20 (full 0):
 garbage-first heap   total 46080K, used 16163K [0x00000000c1600000, 0x0000000100000000)
  region size 1024K, 5 young (5120K), 1 survivors (1024K)
 Metaspace       used 28181K, committed 28416K, reserved 1114112K
  class space    used 3359K, committed 3456K, reserved 1048576K
}
Event: 582.968 GC heap after
{Heap after GC invocations=21 (full 0):
 garbage-first heap   total 46080K, used 12557K [0x00000000c1600000, 0x0000000100000000)
  region size 1024K, 1 young (1024K), 1 survivors (1024K)
 Metaspace       used 28181K, committed 28416K, reserved 1114112K
  class space    used 3359K, committed 3456K, reserved 1048576K
}
Event: 585.286 GC heap before
{Heap before GC invocations=21 (full 0):
 garbage-first heap   total 46080K, used 13581K [0x00000000c1600000, 0x0000000100000000)
  region size 1024K, 2 young (2048K), 1 survivors (1024K)
 Metaspace       used 28255K, committed 28544K, reserved 1114112K
  class space    used 3369K, committed 3520K, reserved 1048576K
}
Event: 585.333 GC heap after
{Heap after GC invocations=22 (full 0):
 garbage-first heap   total 46080K, used 12637K [0x00000000c1600000, 0x0000000100000000)
  region size 1024K, 1 young (1024K), 1 survivors (1024K)
 Metaspace       used 28255K, committed 28544K, reserved 1114112K
  class space    used 3369K, committed 3520K, reserved 1048576K
}
Event: 597.867 GC heap before
{Heap before GC invocations=22 (full 0):
 garbage-first heap   total 46080K, used 16733K [0x00000000c1600000, 0x0000000100000000)
  region size 1024K, 6 young (6144K), 1 survivors (1024K)
 Metaspace       used 28451K, committed 28736K, reserved 1114112K
  class space    used 3399K, committed 3520K, reserved 1048576K
}
Event: 597.909 GC heap after
{Heap after GC invocations=23 (full 0):
 garbage-first heap   total 59392K, used 13017K [0x00000000c1600000, 0x0000000100000000)
  region size 1024K, 1 young (1024K), 1 survivors (1024K)
 Metaspace       used 28451K, committed 28736K, reserved 1114112K
  class space    used 3399K, committed 3520K, reserved 1048576K
}
Event: 649.122 GC heap before
{Heap before GC invocations=23 (full 0):
 garbage-first heap   total 59392K, used 22233K [0x00000000c1600000, 0x0000000100000000)
  region size 1024K, 10 young (10240K), 1 survivors (1024K)
 Metaspace       used 28822K, committed 29120K, reserved 1114112K
  class space    used 3463K, committed 3584K, reserved 1048576K
}
Event: 649.255 GC heap after
{Heap after GC invocations=24 (full 0):
 garbage-first heap   total 59392K, used 13608K [0x00000000c1600000, 0x0000000100000000)
  region size 1024K, 2 young (2048K), 2 survivors (2048K)
 Metaspace       used 28822K, committed 29120K, reserved 1114112K
  class space    used 3463K, committed 3584K, reserved 1048576K
}
Event: 683.568 GC heap before
{Heap before GC invocations=24 (full 0):
 garbage-first heap   total 59392K, used 21800K [0x00000000c1600000, 0x0000000100000000)
  region size 1024K, 10 young (10240K), 2 survivors (2048K)
 Metaspace       used 29757K, committed 30016K, reserved 1114112K
  class space    used 3593K, committed 3712K, reserved 1048576K
}
Event: 683.824 GC heap after
{Heap after GC invocations=25 (full 0):
 garbage-first heap   total 59392K, used 13810K [0x00000000c1600000, 0x0000000100000000)
  region size 1024K, 2 young (2048K), 2 survivors (2048K)
 Metaspace       used 29757K, committed 30016K, reserved 1114112K
  class space    used 3593K, committed 3712K, reserved 1048576K
}
Event: 692.464 GC heap before
{Heap before GC invocations=25 (full 0):
 garbage-first heap   total 59392K, used 18930K [0x00000000c1600000, 0x0000000100000000)
  region size 1024K, 7 young (7168K), 2 survivors (2048K)
 Metaspace       used 30262K, committed 30528K, reserved 1114112K
  class space    used 3677K, committed 3776K, reserved 1048576K
}
Event: 692.570 GC heap after
{Heap after GC invocations=26 (full 0):
 garbage-first heap   total 59392K, used 14175K [0x00000000c1600000, 0x0000000100000000)
  region size 1024K, 1 young (1024K), 1 survivors (1024K)
 Metaspace       used 30262K, committed 30528K, reserved 1114112K
  class space    used 3677K, committed 3776K, reserved 1048576K
}
Event: 742.684 GC heap before
{Heap before GC invocations=26 (full 0):
 garbage-first heap   total 59392K, used 28511K [0x00000000c1600000, 0x0000000100000000)
  region size 1024K, 15 young (15360K), 1 survivors (1024K)
 Metaspace       used 32161K, committed 32448K, reserved 1114112K
  class space    used 3984K, committed 4096K, reserved 1048576K
}
Event: 742.773 GC heap after
{Heap after GC invocations=27 (full 0):
 garbage-first heap   total 59392K, used 15165K [0x00000000c1600000, 0x0000000100000000)
  region size 1024K, 2 young (2048K), 2 survivors (2048K)
 Metaspace       used 32161K, committed 32448K, reserved 1114112K
  class space    used 3984K, committed 4096K, reserved 1048576K
}

