# JRE version: OpenJDK Runtime Environment Temurin-17.0.9+9 (17.0.9+9) (build 17.0.9+9)
# Java VM: OpenJDK 64-Bit Server VM Temurin-17.0.9+9 (17.0.9+9, mixed mode, emulated-client, tiered, compressed oops, compressed class ptrs, g1 gc, windows-amd64)
GC Precious Log:
 CPUs: 8 total, 8 available
 Memory: 4007M
 Large Page Support: Disabled
 NUMA Support: Disabled
 Compressed Oops: Enabled (32-bit)
 Heap Region Size: 1M
 Heap Min Capacity: 8M
 Heap Initial Capacity: 64M
 Heap Max Capacity: 1002M
 Pre-touch: Disabled
 Parallel Workers: 8
 Concurrent Workers: 2
 Concurrent Refinement Workers: 8
 Periodic GC: Disabled
Heap:
 garbage-first heap   total 98304K, used 20699K [0x00000000c1600000, 0x0000000100000000)
  region size 1024K, 8 young (8192K), 2 survivors (2048K)
 Metaspace       used 33233K, committed 33600K, reserved 1114112K
  class space    used 4157K, committed 4352K, reserved 1048576K
GC Heap History (20 events):
Event: 554.554 GC heap before
{Heap before GC invocations=19 (full 0):
 garbage-first heap   total 66560K, used 12524K [0x00000000c1600000, 0x0000000100000000)
  region size 1024K, 3 young (3072K), 1 survivors (1024K)
 Metaspace       used 25848K, committed 26112K, reserved 1114112K
  class space    used 3051K, committed 3136K, reserved 1048576K
}
Event: 554.598 GC heap after
{Heap after GC invocations=20 (full 0):
 garbage-first heap   total 66560K, used 10721K [0x00000000c1600000, 0x0000000100000000)
  region size 1024K, 1 young (1024K), 1 survivors (1024K)
 Metaspace       used 25848K, committed 26112K, reserved 1114112K
  class space    used 3051K, committed 3136K, reserved 1048576K
}
Event: 555.982 GC heap before
{Heap before GC invocations=20 (full 0):
 garbage-first heap   total 66560K, used 12769K [0x00000000c1600000, 0x0000000100000000)
  region size 1024K, 3 young (3072K), 1 survivors (1024K)
 Metaspace       used 26327K, committed 26624K, reserved 1114112K
  class space    used 3116K, committed 3264K, reserved 1048576K
}
Event: 556.034 GC heap after
{Heap after GC invocations=21 (full 0):
 garbage-first heap   total 66560K, used 11018K [0x00000000c1600000, 0x0000000100000000)
  region size 1024K, 1 young (1024K), 1 survivors (1024K)
 Metaspace       used 26327K, committed 26624K, reserved 1114112K
  class space    used 3116K, committed 3264K, reserved 1048576K
}
Event: 575.895 GC heap before
{Heap before GC invocations=21 (full 0):
 garbage-first heap   total 66560K, used 15114K [0x00000000c1600000, 0x0000000100000000)
  region size 1024K, 5 young (5120K), 1 survivors (1024K)
 Metaspace       used 27091K, committed 27328K, reserved 1114112K
  class space    used 3217K, committed 3328K, reserved 1048576K
}
Event: 575.906 GC heap after
{Heap after GC invocations=22 (full 0):
 garbage-first heap   total 66560K, used 11336K [0x00000000c1600000, 0x0000000100000000)
  region size 1024K, 1 young (1024K), 1 survivors (1024K)
 Metaspace       used 27091K, committed 27328K, reserved 1114112K
  class space    used 3217K, committed 3328K, reserved 1048576K
}
Event: 586.858 GC heap before
{Heap before GC invocations=22 (full 0):
 garbage-first heap   total 66560K, used 16456K [0x00000000c1600000, 0x0000000100000000)
  region size 1024K, 6 young (6144K), 1 survivors (1024K)
 Metaspace       used 27517K, committed 27776K, reserved 1114112K
  class space    used 3279K, committed 3392K, reserved 1048576K
}
Event: 587.038 GC heap after
{Heap after GC invocations=23 (full 0):
 garbage-first heap   total 66560K, used 12028K [0x00000000c1600000, 0x0000000100000000)
  region size 1024K, 1 young (1024K), 1 survivors (1024K)
 Metaspace       used 27517K, committed 27776K, reserved 1114112K
  class space    used 3279K, committed 3392K, reserved 1048576K
}
Event: 593.517 GC heap before
{Heap before GC invocations=23 (full 0):
 garbage-first heap   total 66560K, used 14076K [0x00000000c1600000, 0x0000000100000000)
  region size 1024K, 4 young (4096K), 1 survivors (1024K)
 Metaspace       used 27992K, committed 28224K, reserved 1114112K
  class space    used 3327K, committed 3456K, reserved 1048576K
}
Event: 593.531 GC heap after
{Heap after GC invocations=24 (full 0):
 garbage-first heap   total 98304K, used 12235K [0x00000000c1600000, 0x0000000100000000)
  region size 1024K, 1 young (1024K), 1 survivors (1024K)
 Metaspace       used 27992K, committed 28224K, reserved 1114112K
  class space    used 3327K, committed 3456K, reserved 1048576K
}
Event: 651.152 GC heap before
{Heap before GC invocations=24 (full 0):
 garbage-first heap   total 98304K, used 24523K [0x00000000c1600000, 0x0000000100000000)
  region size 1024K, 13 young (13312K), 1 survivors (1024K)
 Metaspace       used 28628K, committed 28928K, reserved 1114112K
  class space    used 3427K, committed 3584K, reserved 1048576K
}
Event: 651.524 GC heap after
{Heap after GC invocations=25 (full 0):
 garbage-first heap   total 98304K, used 13223K [0x00000000c1600000, 0x0000000100000000)
  region size 1024K, 2 young (2048K), 2 survivors (2048K)
 Metaspace       used 28628K, committed 28928K, reserved 1114112K
  class space    used 3427K, committed 3584K, reserved 1048576K
}
Event: 660.041 GC heap before
{Heap before GC invocations=25 (full 0):
 garbage-first heap   total 98304K, used 15271K [0x00000000c1600000, 0x0000000100000000)
  region size 1024K, 4 young (4096K), 2 survivors (2048K)
 Metaspace       used 28725K, committed 28992K, reserved 1114112K
  class space    used 3443K, committed 3584K, reserved 1048576K
}
Event: 660.094 GC heap after
{Heap after GC invocations=26 (full 0):
 garbage-first heap   total 98304K, used 13393K [0x00000000c1600000, 0x0000000100000000)
  region size 1024K, 1 young (1024K), 1 survivors (1024K)
 Metaspace       used 28725K, committed 28992K, reserved 1114112K
  class space    used 3443K, committed 3584K, reserved 1048576K
}
Event: 690.238 GC heap before
{Heap before GC invocations=26 (full 0):
 garbage-first heap   total 98304K, used 24657K [0x00000000c1600000, 0x0000000100000000)
  region size 1024K, 12 young (12288K), 1 survivors (1024K)
 Metaspace       used 29732K, committed 29952K, reserved 1114112K
  class space    used 3589K, committed 3712K, reserved 1048576K
}
Event: 690.318 GC heap after
{Heap after GC invocations=27 (full 0):
 garbage-first heap   total 98304K, used 13966K [0x00000000c1600000, 0x0000000100000000)
  region size 1024K, 1 young (1024K), 1 survivors (1024K)
 Metaspace       used 29732K, committed 29952K, reserved 1114112K
  class space    used 3589K, committed 3712K, reserved 1048576K
}
Event: 715.909 GC heap before
{Heap before GC invocations=27 (full 0):
 garbage-first heap   total 98304K, used 26254K [0x00000000c1600000, 0x0000000100000000)
  region size 1024K, 13 young (13312K), 1 survivors (1024K)
 Metaspace       used 31218K, committed 31552K, reserved 1114112K
  class space    used 3831K, committed 3968K, reserved 1048576K
}
Event: 715.981 GC heap after
{Heap after GC invocations=28 (full 0):
 garbage-first heap   total 98304K, used 14767K [0x00000000c1600000, 0x0000000100000000)
  region size 1024K, 2 young (2048K), 2 survivors (2048K)
 Metaspace       used 31218K, committed 31552K, reserved 1114112K
  class space    used 3831K, committed 3968K, reserved 1048576K
}
Event: 764.919 GC heap before
{Heap before GC invocations=28 (full 0):
 garbage-first heap   total 98304K, used 25007K [0x00000000c1600000, 0x0000000100000000)
  region size 1024K, 12 young (12288K), 2 survivors (2048K)
 Metaspace       used 32586K, committed 32960K, reserved 1114112K
  class space    used 4044K, committed 4224K, reserved 1048576K
}
Event: 765.031 GC heap after
{Heap after GC invocations=29 (full 0):
 garbage-first heap   total 98304K, used 15579K [0x00000000c1600000, 0x0000000100000000)
  region size 1024K, 2 young (2048K), 2 survivors (2048K)
 Metaspace       used 32586K, committed 32960K, reserved 1114112K
  class space    used 4044K, committed 4224K, reserved 1048576K
}

