# JRE version: OpenJDK Runtime Environment Temurin-17.0.9+9 (17.0.9+9) (build 17.0.9+9)
# Java VM: OpenJDK 64-Bit Server VM Temurin-17.0.9+9 (17.0.9+9, mixed mode, emulated-client, tiered, compressed oops, compressed class ptrs, g1 gc, windows-amd64)
GC Precious Log:
 CPUs: 8 total, 8 available
 Memory: 4007M
 Large Page Support: Disabled
 NUMA Support: Disabled
 Compressed Oops: Enabled (32-bit)
 Heap Region Size: 1M
 Heap Min Capacity: 8M
 Heap Initial Capacity: 64M
 Heap Max Capacity: 1002M
 Pre-touch: Disabled
 Parallel Workers: 8
 Concurrent Workers: 2
 Concurrent Refinement Workers: 8
 Periodic GC: Disabled
Heap:
 garbage-first heap   total 99328K, used 17065K [0x00000000c1600000, 0x0000000100000000)
  region size 1024K, 5 young (5120K), 2 survivors (2048K)
 Metaspace       used 31318K, committed 31552K, reserved 1114112K
  class space    used 3848K, committed 3968K, reserved 1048576K
GC Heap History (20 events):
Event: 410.877 GC heap before
{Heap before GC invocations=18 (full 0):
 garbage-first heap   total 99328K, used 19693K [0x00000000c1600000, 0x0000000100000000)
  region size 1024K, 9 young (9216K), 1 survivors (1024K)
 Metaspace       used 27856K, committed 28160K, reserved 1114112K
  class space    used 3306K, committed 3456K, reserved 1048576K
}
Event: 411.734 GC heap after
{Heap after GC invocations=19 (full 0):
 garbage-first heap   total 99328K, used 12310K [0x00000000c1600000, 0x0000000100000000)
  region size 1024K, 2 young (2048K), 2 survivors (2048K)
 Metaspace       used 27856K, committed 28160K, reserved 1114112K
  class space    used 3306K, committed 3456K, reserved 1048576K
}
Event: 454.826 GC heap before
{Heap before GC invocations=19 (full 0):
 garbage-first heap   total 99328K, used 14358K [0x00000000c1600000, 0x0000000100000000)
  region size 1024K, 4 young (4096K), 2 survivors (2048K)
 Metaspace       used 28068K, committed 28352K, reserved 1114112K
  class space    used 3332K, committed 3456K, reserved 1048576K
}
Event: 455.199 GC heap after
{Heap after GC invocations=20 (full 0):
 garbage-first heap   total 99328K, used 12724K [0x00000000c1600000, 0x0000000100000000)
  region size 1024K, 1 young (1024K), 1 survivors (1024K)
 Metaspace       used 28068K, committed 28352K, reserved 1114112K
  class space    used 3332K, committed 3456K, reserved 1048576K
}
Event: 526.511 GC heap before
{Heap before GC invocations=20 (full 0):
 garbage-first heap   total 99328K, used 15796K [0x00000000c1600000, 0x0000000100000000)
  region size 1024K, 4 young (4096K), 1 survivors (1024K)
 Metaspace       used 28215K, committed 28480K, reserved 1114112K
  class space    used 3357K, committed 3456K, reserved 1048576K
}
Event: 526.982 GC heap after
{Heap after GC invocations=21 (full 0):
 garbage-first heap   total 99328K, used 12775K [0x00000000c1600000, 0x0000000100000000)
  region size 1024K, 1 young (1024K), 1 survivors (1024K)
 Metaspace       used 28215K, committed 28480K, reserved 1114112K
  class space    used 3357K, committed 3456K, reserved 1048576K
}
Event: 565.511 GC heap before
{Heap before GC invocations=21 (full 0):
 garbage-first heap   total 99328K, used 15847K [0x00000000c1600000, 0x0000000100000000)
  region size 1024K, 4 young (4096K), 1 survivors (1024K)
 Metaspace       used 28327K, committed 28608K, reserved 1114112K
  class space    used 3379K, committed 3520K, reserved 1048576K
}
Event: 566.220 GC heap after
{Heap after GC invocations=22 (full 0):
 garbage-first heap   total 99328K, used 12964K [0x00000000c1600000, 0x0000000100000000)
  region size 1024K, 1 young (1024K), 1 survivors (1024K)
 Metaspace       used 28327K, committed 28608K, reserved 1114112K
  class space    used 3379K, committed 3520K, reserved 1048576K
}
Event: 579.394 GC heap before
{Heap before GC invocations=22 (full 0):
 garbage-first heap   total 99328K, used 16036K [0x00000000c1600000, 0x0000000100000000)
  region size 1024K, 4 young (4096K), 1 survivors (1024K)
 Metaspace       used 28444K, committed 28736K, reserved 1114112K
  class space    used 3392K, committed 3520K, reserved 1048576K
}
Event: 579.557 GC heap after
{Heap after GC invocations=23 (full 0):
 garbage-first heap   total 99328K, used 13217K [0x00000000c1600000, 0x0000000100000000)
  region size 1024K, 1 young (1024K), 1 survivors (1024K)
 Metaspace       used 28444K, committed 28736K, reserved 1114112K
  class space    used 3392K, committed 3520K, reserved 1048576K
}
Event: 593.316 GC heap before
{Heap before GC invocations=23 (full 0):
 garbage-first heap   total 99328K, used 16289K [0x00000000c1600000, 0x0000000100000000)
  region size 1024K, 4 young (4096K), 1 survivors (1024K)
 Metaspace       used 28620K, committed 28928K, reserved 1114112K
  class space    used 3421K, committed 3584K, reserved 1048576K
}
Event: 593.354 GC heap after
{Heap after GC invocations=24 (full 0):
 garbage-first heap   total 99328K, used 13377K [0x00000000c1600000, 0x0000000100000000)
  region size 1024K, 1 young (1024K), 1 survivors (1024K)
 Metaspace       used 28620K, committed 28928K, reserved 1114112K
  class space    used 3421K, committed 3584K, reserved 1048576K
}
Event: 642.478 GC heap before
{Heap before GC invocations=24 (full 0):
 garbage-first heap   total 99328K, used 17473K [0x00000000c1600000, 0x0000000100000000)
  region size 1024K, 5 young (5120K), 1 survivors (1024K)
 Metaspace       used 28754K, committed 29056K, reserved 1114112K
  class space    used 3445K, committed 3584K, reserved 1048576K
}
Event: 642.599 GC heap after
{Heap after GC invocations=25 (full 0):
 garbage-first heap   total 99328K, used 13620K [0x00000000c1600000, 0x0000000100000000)
  region size 1024K, 1 young (1024K), 1 survivors (1024K)
 Metaspace       used 28754K, committed 29056K, reserved 1114112K
  class space    used 3445K, committed 3584K, reserved 1048576K
}
Event: 676.854 GC heap before
{Heap before GC invocations=25 (full 0):
 garbage-first heap   total 99328K, used 19764K [0x00000000c1600000, 0x0000000100000000)
  region size 1024K, 7 young (7168K), 1 survivors (1024K)
 Metaspace       used 29074K, committed 29376K, reserved 1114112K
  class space    used 3499K, committed 3648K, reserved 1048576K
}
Event: 676.935 GC heap after
{Heap after GC invocations=26 (full 0):
 garbage-first heap   total 99328K, used 14019K [0x00000000c1600000, 0x0000000100000000)
  region size 1024K, 1 young (1024K), 1 survivors (1024K)
 Metaspace       used 29074K, committed 29376K, reserved 1114112K
  class space    used 3499K, committed 3648K, reserved 1048576K
}
Event: 699.099 GC heap before
{Heap before GC invocations=26 (full 0):
 garbage-first heap   total 99328K, used 22211K [0x00000000c1600000, 0x0000000100000000)
  region size 1024K, 9 young (9216K), 1 survivors (1024K)
 Metaspace       used 30078K, committed 30400K, reserved 1114112K
  class space    used 3643K, committed 3776K, reserved 1048576K
}
Event: 699.231 GC heap after
{Heap after GC invocations=27 (full 0):
 garbage-first heap   total 99328K, used 14400K [0x00000000c1600000, 0x0000000100000000)
  region size 1024K, 2 young (2048K), 2 survivors (2048K)
 Metaspace       used 30078K, committed 30400K, reserved 1114112K
  class space    used 3643K, committed 3776K, reserved 1048576K
}
Event: 774.249 GC heap before
{Heap before GC invocations=27 (full 0):
 garbage-first heap   total 99328K, used 23616K [0x00000000c1600000, 0x0000000100000000)
  region size 1024K, 11 young (11264K), 2 survivors (2048K)
 Metaspace       used 31161K, committed 31488K, reserved 1114112K
  class space    used 3815K, committed 3968K, reserved 1048576K
}
Event: 774.564 GC heap after
{Heap after GC invocations=28 (full 0):
 garbage-first heap   total 99328K, used 15017K [0x00000000c1600000, 0x0000000100000000)
  region size 1024K, 2 young (2048K), 2 survivors (2048K)
 Metaspace       used 31161K, committed 31488K, reserved 1114112K
  class space    used 3815K, committed 3968K, reserved 1048576K
}

