# JRE version: OpenJDK Runtime Environment Temurin-17.0.9+9 (17.0.9+9) (build 17.0.9+9)
# Java VM: OpenJDK 64-Bit Server VM Temurin-17.0.9+9 (17.0.9+9, mixed mode, emulated-client, tiered, compressed oops, compressed class ptrs, g1 gc, windows-amd64)
GC Precious Log:
 CPUs: 8 total, 8 available
 Memory: 4007M
 Large Page Support: Disabled
 NUMA Support: Disabled
 Compressed Oops: Enabled (32-bit)
 Heap Region Size: 1M
 Heap Min Capacity: 8M
 Heap Initial Capacity: 64M
 Heap Max Capacity: 1002M
 Pre-touch: Disabled
 Parallel Workers: 8
 Concurrent Workers: 2
 Concurrent Refinement Workers: 8
 Periodic GC: Disabled
Heap:
 garbage-first heap   total 63488K, used 16614K [0x00000000c1600000, 0x0000000100000000)
  region size 1024K, 5 young (5120K), 1 survivors (1024K)
 Metaspace       used 30874K, committed 31232K, reserved 1114112K
  class space    used 3760K, committed 3904K, reserved 1048576K
GC Heap History (20 events):
Event: 555.113 GC heap before
{Heap before GC invocations=25 (full 0):
 garbage-first heap   total 63488K, used 15563K [0x00000000c1600000, 0x0000000100000000)
  region size 1024K, 3 young (3072K), 1 survivors (1024K)
 Metaspace       used 28767K, committed 29056K, reserved 1114112K
  class space    used 3454K, committed 3584K, reserved 1048576K
}
Event: 555.299 GC heap after
{Heap after GC invocations=26 (full 0):
 garbage-first heap   total 63488K, used 13614K [0x00000000c1600000, 0x0000000100000000)
  region size 1024K, 1 young (1024K), 1 survivors (1024K)
 Metaspace       used 28767K, committed 29056K, reserved 1114112K
  class space    used 3454K, committed 3584K, reserved 1048576K
}
Event: 569.579 GC heap before
{Heap before GC invocations=26 (full 0):
 garbage-first heap   total 63488K, used 15662K [0x00000000c1600000, 0x0000000100000000)
  region size 1024K, 3 young (3072K), 1 survivors (1024K)
 Metaspace       used 28798K, committed 29056K, reserved 1114112K
  class space    used 3458K, committed 3584K, reserved 1048576K
}
Event: 569.679 GC heap after
{Heap after GC invocations=27 (full 0):
 garbage-first heap   total 63488K, used 13723K [0x00000000c1600000, 0x0000000100000000)
  region size 1024K, 1 young (1024K), 1 survivors (1024K)
 Metaspace       used 28798K, committed 29056K, reserved 1114112K
  class space    used 3458K, committed 3584K, reserved 1048576K
}
Event: 582.971 GC heap before
{Heap before GC invocations=27 (full 0):
 garbage-first heap   total 63488K, used 15771K [0x00000000c1600000, 0x0000000100000000)
  region size 1024K, 3 young (3072K), 1 survivors (1024K)
 Metaspace       used 28833K, committed 29120K, reserved 1114112K
  class space    used 3466K, committed 3584K, reserved 1048576K
}
Event: 583.054 GC heap after
{Heap after GC invocations=28 (full 0):
 garbage-first heap   total 63488K, used 13870K [0x00000000c1600000, 0x0000000100000000)
  region size 1024K, 1 young (1024K), 1 survivors (1024K)
 Metaspace       used 28833K, committed 29120K, reserved 1114112K
  class space    used 3466K, committed 3584K, reserved 1048576K
}
Event: 635.174 GC heap before
{Heap before GC invocations=28 (full 0):
 garbage-first heap   total 63488K, used 15918K [0x00000000c1600000, 0x0000000100000000)
  region size 1024K, 3 young (3072K), 1 survivors (1024K)
 Metaspace       used 29018K, committed 29312K, reserved 1114112K
  class space    used 3495K, committed 3648K, reserved 1048576K
}
Event: 636.488 GC heap after
{Heap after GC invocations=29 (full 0):
 garbage-first heap   total 63488K, used 14008K [0x00000000c1600000, 0x0000000100000000)
  region size 1024K, 1 young (1024K), 1 survivors (1024K)
 Metaspace       used 29018K, committed 29312K, reserved 1114112K
  class space    used 3495K, committed 3648K, reserved 1048576K
}
Event: 662.942 GC heap before
{Heap before GC invocations=29 (full 0):
 garbage-first heap   total 63488K, used 16056K [0x00000000c1600000, 0x0000000100000000)
  region size 1024K, 3 young (3072K), 1 survivors (1024K)
 Metaspace       used 29265K, committed 29504K, reserved 1114112K
  class space    used 3528K, committed 3648K, reserved 1048576K
}
Event: 662.961 GC heap after
{Heap after GC invocations=30 (full 0):
 garbage-first heap   total 63488K, used 13966K [0x00000000c1600000, 0x0000000100000000)
  region size 1024K, 1 young (1024K), 1 survivors (1024K)
 Metaspace       used 29265K, committed 29504K, reserved 1114112K
  class space    used 3528K, committed 3648K, reserved 1048576K
}
Event: 688.633 GC heap before
{Heap before GC invocations=30 (full 0):
 garbage-first heap   total 63488K, used 16014K [0x00000000c1600000, 0x0000000100000000)
  region size 1024K, 3 young (3072K), 1 survivors (1024K)
 Metaspace       used 29424K, committed 29696K, reserved 1114112K
  class space    used 3555K, committed 3712K, reserved 1048576K
}
Event: 688.713 GC heap after
{Heap after GC invocations=31 (full 0):
 garbage-first heap   total 63488K, used 14057K [0x00000000c1600000, 0x0000000100000000)
  region size 1024K, 1 young (1024K), 1 survivors (1024K)
 Metaspace       used 29424K, committed 29696K, reserved 1114112K
  class space    used 3555K, committed 3712K, reserved 1048576K
}
Event: 693.605 GC heap before
{Heap before GC invocations=31 (full 0):
 garbage-first heap   total 63488K, used 15081K [0x00000000c1600000, 0x0000000100000000)
  region size 1024K, 3 young (3072K), 1 survivors (1024K)
 Metaspace       used 29765K, committed 30016K, reserved 1114112K
  class space    used 3594K, committed 3712K, reserved 1048576K
}
Event: 693.617 GC heap after
{Heap after GC invocations=32 (full 0):
 garbage-first heap   total 63488K, used 14136K [0x00000000c1600000, 0x0000000100000000)
  region size 1024K, 1 young (1024K), 1 survivors (1024K)
 Metaspace       used 29765K, committed 30016K, reserved 1114112K
  class space    used 3594K, committed 3712K, reserved 1048576K
}
Event: 703.959 GC heap before
{Heap before GC invocations=32 (full 0):
 garbage-first heap   total 63488K, used 16184K [0x00000000c1600000, 0x0000000100000000)
  region size 1024K, 3 young (3072K), 1 survivors (1024K)
 Metaspace       used 29967K, committed 30272K, reserved 1114112K
  class space    used 3623K, committed 3776K, reserved 1048576K
}
Event: 703.978 GC heap after
{Heap after GC invocations=33 (full 0):
 garbage-first heap   total 63488K, used 14302K [0x00000000c1600000, 0x0000000100000000)
  region size 1024K, 1 young (1024K), 1 survivors (1024K)
 Metaspace       used 29967K, committed 30272K, reserved 1114112K
  class space    used 3623K, committed 3776K, reserved 1048576K
}
Event: 718.562 GC heap before
{Heap before GC invocations=33 (full 0):
 garbage-first heap   total 63488K, used 16350K [0x00000000c1600000, 0x0000000100000000)
  region size 1024K, 3 young (3072K), 1 survivors (1024K)
 Metaspace       used 30131K, committed 30400K, reserved 1114112K
  class space    used 3658K, committed 3776K, reserved 1048576K
}
Event: 718.629 GC heap after
{Heap after GC invocations=34 (full 0):
 garbage-first heap   total 63488K, used 14385K [0x00000000c1600000, 0x0000000100000000)
  region size 1024K, 1 young (1024K), 1 survivors (1024K)
 Metaspace       used 30131K, committed 30400K, reserved 1114112K
  class space    used 3658K, committed 3776K, reserved 1048576K
}
Event: 742.876 GC heap before
{Heap before GC invocations=34 (full 0):
 garbage-first heap   total 63488K, used 15409K [0x00000000c1600000, 0x0000000100000000)
  region size 1024K, 3 young (3072K), 1 survivors (1024K)
 Metaspace       used 30301K, committed 30592K, reserved 1114112K
  class space    used 3681K, committed 3840K, reserved 1048576K
}
Event: 742.904 GC heap after
{Heap after GC invocations=35 (full 0):
 garbage-first heap   total 63488K, used 14566K [0x00000000c1600000, 0x0000000100000000)
  region size 1024K, 1 young (1024K), 1 survivors (1024K)
 Metaspace       used 30301K, committed 30592K, reserved 1114112K
  class space    used 3681K, committed 3840K, reserved 1048576K
}

