# JRE version: OpenJDK Runtime Environment Temurin-17.0.9+9 (17.0.9+9) (build 17.0.9+9)
# Java VM: OpenJDK 64-Bit Server VM Temurin-17.0.9+9 (17.0.9+9, mixed mode, emulated-client, tiered, compressed oops, compressed class ptrs, g1 gc, windows-amd64)
GC Precious Log:
 CPUs: 8 total, 8 available
 Memory: 4007M
 Large Page Support: Disabled
 NUMA Support: Disabled
 Compressed Oops: Enabled (32-bit)
 Heap Region Size: 1M
 Heap Min Capacity: 8M
 Heap Initial Capacity: 64M
 Heap Max Capacity: 1002M
 Pre-touch: Disabled
 Parallel Workers: 8
 Concurrent Workers: 2
 Concurrent Refinement Workers: 8
 Periodic GC: Disabled
Heap:
 garbage-first heap   total 46080K, used 24687K [0x00000000c1600000, 0x0000000100000000)
  region size 1024K, 11 young (11264K), 1 survivors (1024K)
 Metaspace       used 33311K, committed 33664K, reserved 1114112K
  class space    used 4167K, committed 4352K, reserved 1048576K
GC Heap History (20 events):
Event: 479.765 GC heap before
{Heap before GC invocations=4 (full 0):
 garbage-first heap   total 37888K, used 10300K [0x00000000c1600000, 0x0000000100000000)
  region size 1024K, 3 young (3072K), 2 survivors (2048K)
 Metaspace       used 21316K, committed 21632K, reserved 1114112K
  class space    used 2449K, committed 2624K, reserved 1048576K
}
Event: 480.140 GC heap after
{Heap after GC invocations=5 (full 0):
 garbage-first heap   total 37888K, used 9467K [0x00000000c1600000, 0x0000000100000000)
  region size 1024K, 1 young (1024K), 1 survivors (1024K)
 Metaspace       used 21316K, committed 21632K, reserved 1114112K
  class space    used 2449K, committed 2624K, reserved 1048576K
}
Event: 496.012 GC heap before
{Heap before GC invocations=5 (full 0):
 garbage-first heap   total 37888K, used 10491K [0x00000000c1600000, 0x0000000100000000)
  region size 1024K, 2 young (2048K), 1 survivors (1024K)
 Metaspace       used 21554K, committed 21824K, reserved 1114112K
  class space    used 2481K, committed 2624K, reserved 1048576K
}
Event: 496.044 GC heap after
{Heap after GC invocations=6 (full 0):
 garbage-first heap   total 37888K, used 9377K [0x00000000c1600000, 0x0000000100000000)
  region size 1024K, 1 young (1024K), 1 survivors (1024K)
 Metaspace       used 21554K, committed 21824K, reserved 1114112K
  class space    used 2481K, committed 2624K, reserved 1048576K
}
Event: 501.752 GC heap before
{Heap before GC invocations=6 (full 0):
 garbage-first heap   total 37888K, used 14497K [0x00000000c1600000, 0x0000000100000000)
  region size 1024K, 7 young (7168K), 1 survivors (1024K)
 Metaspace       used 23209K, committed 23488K, reserved 1114112K
  class space    used 2672K, committed 2816K, reserved 1048576K
}
Event: 501.774 GC heap after
{Heap after GC invocations=7 (full 0):
 garbage-first heap   total 37888K, used 10268K [0x00000000c1600000, 0x0000000100000000)
  region size 1024K, 1 young (1024K), 1 survivors (1024K)
 Metaspace       used 23209K, committed 23488K, reserved 1114112K
  class space    used 2672K, committed 2816K, reserved 1048576K
}
Event: 518.733 GC heap before
{Heap before GC invocations=7 (full 0):
 garbage-first heap   total 37888K, used 17436K [0x00000000c1600000, 0x0000000100000000)
  region size 1024K, 9 young (9216K), 1 survivors (1024K)
 Metaspace       used 24938K, committed 25152K, reserved 1114112K
  class space    used 2914K, committed 3008K, reserved 1048576K
}
Event: 518.751 GC heap after
{Heap after GC invocations=8 (full 0):
 garbage-first heap   total 37888K, used 10600K [0x00000000c1600000, 0x0000000100000000)
  region size 1024K, 2 young (2048K), 2 survivors (2048K)
 Metaspace       used 24938K, committed 25152K, reserved 1114112K
  class space    used 2914K, committed 3008K, reserved 1048576K
}
Event: 556.642 GC heap before
{Heap before GC invocations=8 (full 0):
 garbage-first heap   total 37888K, used 22888K [0x00000000c1600000, 0x0000000100000000)
  region size 1024K, 14 young (14336K), 2 survivors (2048K)
 Metaspace       used 27195K, committed 27456K, reserved 1114112K
  class space    used 3237K, committed 3328K, reserved 1048576K
}
Event: 556.919 GC heap after
{Heap after GC invocations=9 (full 0):
 garbage-first heap   total 37888K, used 11977K [0x00000000c1600000, 0x0000000100000000)
  region size 1024K, 2 young (2048K), 2 survivors (2048K)
 Metaspace       used 27195K, committed 27456K, reserved 1114112K
  class space    used 3237K, committed 3328K, reserved 1048576K
}
Event: 575.041 GC heap before
{Heap before GC invocations=9 (full 0):
 garbage-first heap   total 37888K, used 18121K [0x00000000c1600000, 0x0000000100000000)
  region size 1024K, 8 young (8192K), 2 survivors (2048K)
 Metaspace       used 27925K, committed 28224K, reserved 1114112K
  class space    used 3310K, committed 3456K, reserved 1048576K
}
Event: 575.072 GC heap after
{Heap after GC invocations=10 (full 0):
 garbage-first heap   total 37888K, used 12727K [0x00000000c1600000, 0x0000000100000000)
  region size 1024K, 1 young (1024K), 1 survivors (1024K)
 Metaspace       used 27925K, committed 28224K, reserved 1114112K
  class space    used 3310K, committed 3456K, reserved 1048576K
}
Event: 644.672 GC heap before
{Heap before GC invocations=10 (full 0):
 garbage-first heap   total 37888K, used 27063K [0x00000000c1600000, 0x0000000100000000)
  region size 1024K, 16 young (16384K), 1 survivors (1024K)
 Metaspace       used 28739K, committed 28992K, reserved 1114112K
  class space    used 3445K, committed 3584K, reserved 1048576K
}
Event: 644.696 GC heap after
{Heap after GC invocations=11 (full 0):
 garbage-first heap   total 37888K, used 13853K [0x00000000c1600000, 0x0000000100000000)
  region size 1024K, 2 young (2048K), 2 survivors (2048K)
 Metaspace       used 28739K, committed 28992K, reserved 1114112K
  class space    used 3445K, committed 3584K, reserved 1048576K
}
Event: 692.969 GC heap before
{Heap before GC invocations=11 (full 0):
 garbage-first heap   total 37888K, used 27165K [0x00000000c1600000, 0x0000000100000000)
  region size 1024K, 16 young (16384K), 2 survivors (2048K)
 Metaspace       used 30072K, committed 30336K, reserved 1114112K
  class space    used 3644K, committed 3776K, reserved 1048576K
}
Event: 693.028 GC heap after
{Heap after GC invocations=12 (full 0):
 garbage-first heap   total 37888K, used 14397K [0x00000000c1600000, 0x0000000100000000)
  region size 1024K, 1 young (1024K), 1 survivors (1024K)
 Metaspace       used 30072K, committed 30336K, reserved 1114112K
  class space    used 3644K, committed 3776K, reserved 1048576K
}
Event: 748.266 GC heap before
{Heap before GC invocations=12 (full 0):
 garbage-first heap   total 37888K, used 28733K [0x00000000c1600000, 0x0000000100000000)
  region size 1024K, 15 young (15360K), 1 survivors (1024K)
 Metaspace       used 31697K, committed 32000K, reserved 1114112K
  class space    used 3911K, committed 4032K, reserved 1048576K
}
Event: 748.779 GC heap after
{Heap after GC invocations=13 (full 0):
 garbage-first heap   total 46080K, used 15251K [0x00000000c1600000, 0x0000000100000000)
  region size 1024K, 2 young (2048K), 2 survivors (2048K)
 Metaspace       used 31697K, committed 32000K, reserved 1114112K
  class space    used 3911K, committed 4032K, reserved 1048576K
}
Event: 755.371 GC heap before
{Heap before GC invocations=13 (full 0):
 garbage-first heap   total 46080K, used 16275K [0x00000000c1600000, 0x0000000100000000)
  region size 1024K, 3 young (3072K), 2 survivors (2048K)
 Metaspace       used 31906K, committed 32256K, reserved 1114112K
  class space    used 3945K, committed 4096K, reserved 1048576K
}
Event: 755.389 GC heap after
{Heap after GC invocations=14 (full 0):
 garbage-first heap   total 46080K, used 15471K [0x00000000c1600000, 0x0000000100000000)
  region size 1024K, 1 young (1024K), 1 survivors (1024K)
 Metaspace       used 31906K, committed 32256K, reserved 1114112K
  class space    used 3945K, committed 4096K, reserved 1048576K
}

