# JRE version: OpenJDK Runtime Environment Temurin-17.0.9+9 (17.0.9+9) (build 17.0.9+9)
# Java VM: OpenJDK 64-Bit Server VM Temurin-17.0.9+9 (17.0.9+9, mixed mode, emulated-client, tiered, compressed oops, compressed class ptrs, g1 gc, windows-amd64)
GC Precious Log:
 CPUs: 8 total, 8 available
 Memory: 4007M
 Large Page Support: Disabled
 NUMA Support: Disabled
 Compressed Oops: Enabled (32-bit)
 Heap Region Size: 1M
 Heap Min Capacity: 8M
 Heap Initial Capacity: 64M
 Heap Max Capacity: 1002M
 Pre-touch: Disabled
 Parallel Workers: 8
 Concurrent Workers: 2
 Concurrent Refinement Workers: 8
 Periodic GC: Disabled
Heap:
 garbage-first heap   total 75776K, used 15973K [0x00000000c1600000, 0x0000000100000000)
  region size 1024K, 3 young (3072K), 1 survivors (1024K)
 Metaspace       used 31671K, committed 31936K, reserved 1114112K
  class space    used 3907K, committed 4032K, reserved 1048576K
GC Heap History (20 events):
Event: 496.808 GC heap before
{Heap before GC invocations=15 (full 0):
 garbage-first heap   total 75776K, used 11182K [0x00000000c1600000, 0x0000000100000000)
  region size 1024K, 3 young (3072K), 1 survivors (1024K)
 Metaspace       used 24577K, committed 24832K, reserved 1114112K
  class space    used 2864K, committed 3008K, reserved 1048576K
}
Event: 496.816 GC heap after
{Heap after GC invocations=16 (full 0):
 garbage-first heap   total 75776K, used 10177K [0x00000000c1600000, 0x0000000100000000)
  region size 1024K, 1 young (1024K), 1 survivors (1024K)
 Metaspace       used 24577K, committed 24832K, reserved 1114112K
  class space    used 2864K, committed 3008K, reserved 1048576K
}
Event: 500.554 GC heap before
{Heap before GC invocations=16 (full 0):
 garbage-first heap   total 75776K, used 13249K [0x00000000c1600000, 0x0000000100000000)
  region size 1024K, 5 young (5120K), 1 survivors (1024K)
 Metaspace       used 25402K, committed 25664K, reserved 1114112K
  class space    used 2979K, committed 3072K, reserved 1048576K
}
Event: 500.566 GC heap after
{Heap after GC invocations=17 (full 0):
 garbage-first heap   total 75776K, used 10335K [0x00000000c1600000, 0x0000000100000000)
  region size 1024K, 1 young (1024K), 1 survivors (1024K)
 Metaspace       used 25402K, committed 25664K, reserved 1114112K
  class space    used 2979K, committed 3072K, reserved 1048576K
}
Event: 532.379 GC heap before
{Heap before GC invocations=17 (full 0):
 garbage-first heap   total 75776K, used 17503K [0x00000000c1600000, 0x0000000100000000)
  region size 1024K, 9 young (9216K), 1 survivors (1024K)
 Metaspace       used 26955K, committed 27264K, reserved 1114112K
  class space    used 3200K, committed 3328K, reserved 1048576K
}
Event: 532.416 GC heap after
{Heap after GC invocations=18 (full 0):
 garbage-first heap   total 75776K, used 11166K [0x00000000c1600000, 0x0000000100000000)
  region size 1024K, 2 young (2048K), 2 survivors (2048K)
 Metaspace       used 26955K, committed 27264K, reserved 1114112K
  class space    used 3200K, committed 3328K, reserved 1048576K
}
Event: 551.969 GC heap before
{Heap before GC invocations=18 (full 0):
 garbage-first heap   total 75776K, used 17310K [0x00000000c1600000, 0x0000000100000000)
  region size 1024K, 9 young (9216K), 2 survivors (2048K)
 Metaspace       used 27802K, committed 28096K, reserved 1114112K
  class space    used 3305K, committed 3456K, reserved 1048576K
}
Event: 552.001 GC heap after
{Heap after GC invocations=19 (full 0):
 garbage-first heap   total 75776K, used 12198K [0x00000000c1600000, 0x0000000100000000)
  region size 1024K, 2 young (2048K), 2 survivors (2048K)
 Metaspace       used 27802K, committed 28096K, reserved 1114112K
  class space    used 3305K, committed 3456K, reserved 1048576K
}
Event: 573.993 GC heap before
{Heap before GC invocations=19 (full 0):
 garbage-first heap   total 75776K, used 17318K [0x00000000c1600000, 0x0000000100000000)
  region size 1024K, 7 young (7168K), 2 survivors (2048K)
 Metaspace       used 28238K, committed 28480K, reserved 1114112K
  class space    used 3366K, committed 3456K, reserved 1048576K
}
Event: 574.037 GC heap after
{Heap after GC invocations=20 (full 0):
 garbage-first heap   total 75776K, used 12892K [0x00000000c1600000, 0x0000000100000000)
  region size 1024K, 1 young (1024K), 1 survivors (1024K)
 Metaspace       used 28238K, committed 28480K, reserved 1114112K
  class space    used 3366K, committed 3456K, reserved 1048576K
}
Event: 646.863 GC heap before
{Heap before GC invocations=20 (full 0):
 garbage-first heap   total 75776K, used 26204K [0x00000000c1600000, 0x0000000100000000)
  region size 1024K, 15 young (15360K), 1 survivors (1024K)
 Metaspace       used 28815K, committed 29056K, reserved 1114112K
  class space    used 3461K, committed 3584K, reserved 1048576K
}
Event: 647.088 GC heap after
{Heap after GC invocations=21 (full 0):
 garbage-first heap   total 75776K, used 13667K [0x00000000c1600000, 0x0000000100000000)
  region size 1024K, 2 young (2048K), 2 survivors (2048K)
 Metaspace       used 28815K, committed 29056K, reserved 1114112K
  class space    used 3461K, committed 3584K, reserved 1048576K
}
Event: 693.412 GC heap before
{Heap before GC invocations=21 (full 0):
 garbage-first heap   total 75776K, used 20835K [0x00000000c1600000, 0x0000000100000000)
  region size 1024K, 10 young (10240K), 2 survivors (2048K)
 Metaspace       used 29630K, committed 29888K, reserved 1114112K
  class space    used 3577K, committed 3712K, reserved 1048576K
}
Event: 693.675 GC heap after
{Heap after GC invocations=22 (full 0):
 garbage-first heap   total 75776K, used 13848K [0x00000000c1600000, 0x0000000100000000)
  region size 1024K, 2 young (2048K), 2 survivors (2048K)
 Metaspace       used 29630K, committed 29888K, reserved 1114112K
  class space    used 3577K, committed 3712K, reserved 1048576K
}
Event: 740.115 GC heap before
{Heap before GC invocations=22 (full 0):
 garbage-first heap   total 75776K, used 23064K [0x00000000c1600000, 0x0000000100000000)
  region size 1024K, 11 young (11264K), 2 survivors (2048K)
 Metaspace       used 30718K, committed 30976K, reserved 1114112K
  class space    used 3735K, committed 3840K, reserved 1048576K
}
Event: 740.473 GC heap after
{Heap after GC invocations=23 (full 0):
 garbage-first heap   total 75776K, used 14388K [0x00000000c1600000, 0x0000000100000000)
  region size 1024K, 1 young (1024K), 1 survivors (1024K)
 Metaspace       used 30718K, committed 30976K, reserved 1114112K
  class space    used 3735K, committed 3840K, reserved 1048576K
}
Event: 768.668 GC heap before
{Heap before GC invocations=23 (full 0):
 garbage-first heap   total 75776K, used 18484K [0x00000000c1600000, 0x0000000100000000)
  region size 1024K, 5 young (5120K), 1 survivors (1024K)
 Metaspace       used 31187K, committed 31488K, reserved 1114112K
  class space    used 3824K, committed 3968K, reserved 1048576K
}
Event: 769.343 GC heap after
{Heap after GC invocations=24 (full 0):
 garbage-first heap   total 75776K, used 14740K [0x00000000c1600000, 0x0000000100000000)
  region size 1024K, 1 young (1024K), 1 survivors (1024K)
 Metaspace       used 31187K, committed 31488K, reserved 1114112K
  class space    used 3824K, committed 3968K, reserved 1048576K
}
Event: 779.008 GC heap before
{Heap before GC invocations=24 (full 0):
 garbage-first heap   total 75776K, used 18836K [0x00000000c1600000, 0x0000000100000000)
  region size 1024K, 5 young (5120K), 1 survivors (1024K)
 Metaspace       used 31494K, committed 31808K, reserved 1114112K
  class space    used 3878K, committed 4032K, reserved 1048576K
}
Event: 779.277 GC heap after
{Heap after GC invocations=25 (full 0):
 garbage-first heap   total 75776K, used 14949K [0x00000000c1600000, 0x0000000100000000)
  region size 1024K, 1 young (1024K), 1 survivors (1024K)
 Metaspace       used 31494K, committed 31808K, reserved 1114112K
  class space    used 3878K, committed 4032K, reserved 1048576K
}

