# JRE version: OpenJDK Runtime Environment Temurin-17.0.9+9 (17.0.9+9) (build 17.0.9+9)
# Java VM: OpenJDK 64-Bit Server VM Temurin-17.0.9+9 (17.0.9+9, mixed mode, emulated-client, tiered, compressed oops, compressed class ptrs, g1 gc, windows-amd64)
GC Precious Log:
 CPUs: 8 total, 8 available
 Memory: 4007M
 Large Page Support: Disabled
 NUMA Support: Disabled
 Compressed Oops: Enabled (32-bit)
 Heap Region Size: 1M
 Heap Min Capacity: 8M
 Heap Initial Capacity: 64M
 Heap Max Capacity: 1002M
 Pre-touch: Disabled
 Parallel Workers: 8
 Concurrent Workers: 2
 Concurrent Refinement Workers: 8
 Periodic GC: Disabled
Heap:
 garbage-first heap   total 37888K, used 22909K [0x00000000c1600000, 0x0000000100000000)
  region size 1024K, 10 young (10240K), 1 survivors (1024K)
 Metaspace       used 31587K, committed 31872K, reserved 1114112K
  class space    used 3900K, committed 4032K, reserved 1048576K
GC Heap History (20 events):
Event: 497.082 GC heap before
{Heap before GC invocations=8 (full 0):
 garbage-first heap   total 65536K, used 9969K [0x00000000c1600000, 0x0000000100000000)
  region size 1024K, 3 young (3072K), 1 survivors (1024K)
 Metaspace       used 21147K, committed 21504K, reserved 1114112K
  class space    used 2451K, committed 2624K, reserved 1048576K
}
Event: 497.122 GC heap after
{Heap after GC invocations=9 (full 0):
 garbage-first heap   total 65536K, used 9146K [0x00000000c1600000, 0x0000000100000000)
  region size 1024K, 1 young (1024K), 1 survivors (1024K)
 Metaspace       used 21147K, committed 21504K, reserved 1114112K
  class space    used 2451K, committed 2624K, reserved 1048576K
}
Event: 497.983 GC heap before
{Heap before GC invocations=9 (full 0):
 garbage-first heap   total 65536K, used 9146K [0x00000000c1600000, 0x0000000100000000)
  region size 1024K, 2 young (2048K), 1 survivors (1024K)
 Metaspace       used 21198K, committed 21504K, reserved 1114112K
  class space    used 2454K, committed 2624K, reserved 1048576K
}
Event: 498.006 GC heap after
{Heap after GC invocations=10 (full 0):
 garbage-first heap   total 65536K, used 9073K [0x00000000c1600000, 0x0000000100000000)
  region size 1024K, 1 young (1024K), 1 survivors (1024K)
 Metaspace       used 21198K, committed 21504K, reserved 1114112K
  class space    used 2454K, committed 2624K, reserved 1048576K
}
Event: 515.954 GC heap before
{Heap before GC invocations=11 (full 0):
 garbage-first heap   total 37888K, used 17265K [0x00000000c1600000, 0x0000000100000000)
  region size 1024K, 10 young (10240K), 1 survivors (1024K)
 Metaspace       used 23419K, committed 23616K, reserved 1114112K
  class space    used 2713K, committed 2816K, reserved 1048576K
}
Event: 515.963 GC heap after
{Heap after GC invocations=12 (full 0):
 garbage-first heap   total 37888K, used 10070K [0x00000000c1600000, 0x0000000100000000)
  region size 1024K, 2 young (2048K), 2 survivors (2048K)
 Metaspace       used 23419K, committed 23616K, reserved 1114112K
  class space    used 2713K, committed 2816K, reserved 1048576K
}
Event: 529.066 GC heap before
{Heap before GC invocations=12 (full 0):
 garbage-first heap   total 37888K, used 13142K [0x00000000c1600000, 0x0000000100000000)
  region size 1024K, 6 young (6144K), 2 survivors (2048K)
 Metaspace       used 24393K, committed 24640K, reserved 1114112K
  class space    used 2839K, committed 2944K, reserved 1048576K
}
Event: 529.580 GC heap after
{Heap after GC invocations=13 (full 0):
 garbage-first heap   total 37888K, used 10383K [0x00000000c1600000, 0x0000000100000000)
  region size 1024K, 1 young (1024K), 1 survivors (1024K)
 Metaspace       used 24393K, committed 24640K, reserved 1114112K
  class space    used 2839K, committed 2944K, reserved 1048576K
}
Event: 552.085 GC heap before
{Heap before GC invocations=13 (full 0):
 garbage-first heap   total 37888K, used 20623K [0x00000000c1600000, 0x0000000100000000)
  region size 1024K, 12 young (12288K), 1 survivors (1024K)
 Metaspace       used 26664K, committed 27008K, reserved 1114112K
  class space    used 3156K, committed 3328K, reserved 1048576K
}
Event: 552.215 GC heap after
{Heap after GC invocations=14 (full 0):
 garbage-first heap   total 37888K, used 11029K [0x00000000c1600000, 0x0000000100000000)
  region size 1024K, 1 young (1024K), 1 survivors (1024K)
 Metaspace       used 26664K, committed 27008K, reserved 1114112K
  class space    used 3156K, committed 3328K, reserved 1048576K
}
Event: 577.147 GC heap before
{Heap before GC invocations=14 (full 0):
 garbage-first heap   total 37888K, used 21269K [0x00000000c1600000, 0x0000000100000000)
  region size 1024K, 12 young (12288K), 1 survivors (1024K)
 Metaspace       used 28071K, committed 28288K, reserved 1114112K
  class space    used 3335K, committed 3456K, reserved 1048576K
}
Event: 577.696 GC heap after
{Heap after GC invocations=15 (full 0):
 garbage-first heap   total 37888K, used 12544K [0x00000000c1600000, 0x0000000100000000)
  region size 1024K, 2 young (2048K), 2 survivors (2048K)
 Metaspace       used 28071K, committed 28288K, reserved 1114112K
  class space    used 3335K, committed 3456K, reserved 1048576K
}
Event: 583.701 GC heap before
{Heap before GC invocations=15 (full 0):
 garbage-first heap   total 37888K, used 13568K [0x00000000c1600000, 0x0000000100000000)
  region size 1024K, 3 young (3072K), 2 survivors (2048K)
 Metaspace       used 28150K, committed 28352K, reserved 1114112K
  class space    used 3352K, committed 3456K, reserved 1048576K
}
Event: 583.730 GC heap after
{Heap after GC invocations=16 (full 0):
 garbage-first heap   total 37888K, used 12836K [0x00000000c1600000, 0x0000000100000000)
  region size 1024K, 1 young (1024K), 1 survivors (1024K)
 Metaspace       used 28150K, committed 28352K, reserved 1114112K
  class space    used 3352K, committed 3456K, reserved 1048576K
}
Event: 676.069 GC heap before
{Heap before GC invocations=16 (full 0):
 garbage-first heap   total 37888K, used 28196K [0x00000000c1600000, 0x0000000100000000)
  region size 1024K, 16 young (16384K), 1 survivors (1024K)
 Metaspace       used 28764K, committed 28992K, reserved 1114112K
  class space    used 3452K, committed 3584K, reserved 1048576K
}
Event: 676.375 GC heap after
{Heap after GC invocations=17 (full 0):
 garbage-first heap   total 37888K, used 13679K [0x00000000c1600000, 0x0000000100000000)
  region size 1024K, 2 young (2048K), 2 survivors (2048K)
 Metaspace       used 28764K, committed 28992K, reserved 1114112K
  class space    used 3452K, committed 3584K, reserved 1048576K
}
Event: 709.663 GC heap before
{Heap before GC invocations=17 (full 0):
 garbage-first heap   total 37888K, used 24943K [0x00000000c1600000, 0x0000000100000000)
  region size 1024K, 14 young (14336K), 2 survivors (2048K)
 Metaspace       used 29969K, committed 30272K, reserved 1114112K
  class space    used 3623K, committed 3776K, reserved 1048576K
}
Event: 710.020 GC heap after
{Heap after GC invocations=18 (full 0):
 garbage-first heap   total 37888K, used 14366K [0x00000000c1600000, 0x0000000100000000)
  region size 1024K, 1 young (1024K), 1 survivors (1024K)
 Metaspace       used 29969K, committed 30272K, reserved 1114112K
  class space    used 3623K, committed 3776K, reserved 1048576K
}
Event: 744.485 GC heap before
{Heap before GC invocations=18 (full 0):
 garbage-first heap   total 37888K, used 20510K [0x00000000c1600000, 0x0000000100000000)
  region size 1024K, 7 young (7168K), 1 survivors (1024K)
 Metaspace       used 30710K, committed 30976K, reserved 1114112K
  class space    used 3736K, committed 3840K, reserved 1048576K
}
Event: 744.645 GC heap after
{Heap after GC invocations=19 (full 0):
 garbage-first heap   total 37888K, used 14717K [0x00000000c1600000, 0x0000000100000000)
  region size 1024K, 1 young (1024K), 1 survivors (1024K)
 Metaspace       used 30710K, committed 30976K, reserved 1114112K
  class space    used 3736K, committed 3840K, reserved 1048576K
}

