# JRE version: OpenJDK Runtime Environment Temurin-17.0.9+9 (17.0.9+9) (build 17.0.9+9)
# Java VM: OpenJDK 64-Bit Server VM Temurin-17.0.9+9 (17.0.9+9, mixed mode, emulated-client, tiered, compressed oops, compressed class ptrs, g1 gc, windows-amd64)
GC Precious Log:
 CPUs: 8 total, 8 available
 Memory: 4007M
 Large Page Support: Disabled
 NUMA Support: Disabled
 Compressed Oops: Enabled (32-bit)
 Heap Region Size: 1M
 Heap Min Capacity: 8M
 Heap Initial Capacity: 64M
 Heap Max Capacity: 1002M
 Pre-touch: Disabled
 Parallel Workers: 8
 Concurrent Workers: 2
 Concurrent Refinement Workers: 8
 Periodic GC: Disabled
Heap:
 garbage-first heap   total 89088K, used 18370K [0x00000000c1600000, 0x0000000100000000)
  region size 1024K, 7 young (7168K), 2 survivors (2048K)
 Metaspace       used 30863K, committed 31168K, reserved 1114112K
  class space    used 3760K, committed 3904K, reserved 1048576K
GC Heap History (20 events):
Event: 378.559 GC heap before
{Heap before GC invocations=22 (full 0):
 garbage-first heap   total 64512K, used 13281K [0x00000000c1600000, 0x0000000100000000)
  region size 1024K, 3 young (3072K), 1 survivors (1024K)
 Metaspace       used 28049K, committed 28288K, reserved 1114112K
  class space    used 3331K, committed 3456K, reserved 1048576K
}
Event: 378.834 GC heap after
{Heap after GC invocations=23 (full 0):
 garbage-first heap   total 64512K, used 12114K [0x00000000c1600000, 0x0000000100000000)
  region size 1024K, 1 young (1024K), 1 survivors (1024K)
 Metaspace       used 28049K, committed 28288K, reserved 1114112K
  class space    used 3331K, committed 3456K, reserved 1048576K
}
Event: 409.996 GC heap before
{Heap before GC invocations=23 (full 0):
 garbage-first heap   total 64512K, used 14162K [0x00000000c1600000, 0x0000000100000000)
  region size 1024K, 3 young (3072K), 1 survivors (1024K)
 Metaspace       used 28167K, committed 28480K, reserved 1114112K
  class space    used 3355K, committed 3520K, reserved 1048576K
}
Event: 410.352 GC heap after
{Heap after GC invocations=24 (full 0):
 garbage-first heap   total 89088K, used 12448K [0x00000000c1600000, 0x0000000100000000)
  region size 1024K, 1 young (1024K), 1 survivors (1024K)
 Metaspace       used 28167K, committed 28480K, reserved 1114112K
  class space    used 3355K, committed 3520K, reserved 1048576K
}
Event: 519.447 GC heap before
{Heap before GC invocations=24 (full 0):
 garbage-first heap   total 89088K, used 15520K [0x00000000c1600000, 0x0000000100000000)
  region size 1024K, 4 young (4096K), 1 survivors (1024K)
 Metaspace       used 28265K, committed 28544K, reserved 1114112K
  class space    used 3370K, committed 3520K, reserved 1048576K
}
Event: 519.619 GC heap after
{Heap after GC invocations=25 (full 0):
 garbage-first heap   total 89088K, used 12596K [0x00000000c1600000, 0x0000000100000000)
  region size 1024K, 1 young (1024K), 1 survivors (1024K)
 Metaspace       used 28265K, committed 28544K, reserved 1114112K
  class space    used 3370K, committed 3520K, reserved 1048576K
}
Event: 553.492 GC heap before
{Heap before GC invocations=25 (full 0):
 garbage-first heap   total 89088K, used 15668K [0x00000000c1600000, 0x0000000100000000)
  region size 1024K, 4 young (4096K), 1 survivors (1024K)
 Metaspace       used 28346K, committed 28608K, reserved 1114112K
  class space    used 3387K, committed 3520K, reserved 1048576K
}
Event: 553.575 GC heap after
{Heap after GC invocations=26 (full 0):
 garbage-first heap   total 89088K, used 12782K [0x00000000c1600000, 0x0000000100000000)
  region size 1024K, 1 young (1024K), 1 survivors (1024K)
 Metaspace       used 28346K, committed 28608K, reserved 1114112K
  class space    used 3387K, committed 3520K, reserved 1048576K
}
Event: 580.027 GC heap before
{Heap before GC invocations=26 (full 0):
 garbage-first heap   total 89088K, used 14830K [0x00000000c1600000, 0x0000000100000000)
  region size 1024K, 4 young (4096K), 1 survivors (1024K)
 Metaspace       used 28485K, committed 28736K, reserved 1114112K
  class space    used 3401K, committed 3520K, reserved 1048576K
}
Event: 581.000 GC heap after
{Heap after GC invocations=27 (full 0):
 garbage-first heap   total 89088K, used 12974K [0x00000000c1600000, 0x0000000100000000)
  region size 1024K, 1 young (1024K), 1 survivors (1024K)
 Metaspace       used 28485K, committed 28736K, reserved 1114112K
  class space    used 3401K, committed 3520K, reserved 1048576K
}
Event: 597.203 GC heap before
{Heap before GC invocations=27 (full 0):
 garbage-first heap   total 89088K, used 16046K [0x00000000c1600000, 0x0000000100000000)
  region size 1024K, 4 young (4096K), 1 survivors (1024K)
 Metaspace       used 28624K, committed 28928K, reserved 1114112K
  class space    used 3426K, committed 3584K, reserved 1048576K
}
Event: 597.273 GC heap after
{Heap after GC invocations=28 (full 0):
 garbage-first heap   total 89088K, used 13167K [0x00000000c1600000, 0x0000000100000000)
  region size 1024K, 1 young (1024K), 1 survivors (1024K)
 Metaspace       used 28624K, committed 28928K, reserved 1114112K
  class space    used 3426K, committed 3584K, reserved 1048576K
}
Event: 645.487 GC heap before
{Heap before GC invocations=28 (full 0):
 garbage-first heap   total 89088K, used 16239K [0x00000000c1600000, 0x0000000100000000)
  region size 1024K, 4 young (4096K), 1 survivors (1024K)
 Metaspace       used 28732K, committed 28992K, reserved 1114112K
  class space    used 3445K, committed 3584K, reserved 1048576K
}
Event: 645.651 GC heap after
{Heap after GC invocations=29 (full 0):
 garbage-first heap   total 89088K, used 13340K [0x00000000c1600000, 0x0000000100000000)
  region size 1024K, 1 young (1024K), 1 survivors (1024K)
 Metaspace       used 28732K, committed 28992K, reserved 1114112K
  class space    used 3445K, committed 3584K, reserved 1048576K
}
Event: 669.219 GC heap before
{Heap before GC invocations=29 (full 0):
 garbage-first heap   total 89088K, used 16412K [0x00000000c1600000, 0x0000000100000000)
  region size 1024K, 4 young (4096K), 1 survivors (1024K)
 Metaspace       used 28811K, committed 29056K, reserved 1114112K
  class space    used 3461K, committed 3584K, reserved 1048576K
}
Event: 669.368 GC heap after
{Heap after GC invocations=30 (full 0):
 garbage-first heap   total 89088K, used 13501K [0x00000000c1600000, 0x0000000100000000)
  region size 1024K, 1 young (1024K), 1 survivors (1024K)
 Metaspace       used 28811K, committed 29056K, reserved 1114112K
  class space    used 3461K, committed 3584K, reserved 1048576K
}
Event: 691.891 GC heap before
{Heap before GC invocations=30 (full 0):
 garbage-first heap   total 89088K, used 18621K [0x00000000c1600000, 0x0000000100000000)
  region size 1024K, 6 young (6144K), 1 survivors (1024K)
 Metaspace       used 29290K, committed 29504K, reserved 1114112K
  class space    used 3531K, committed 3648K, reserved 1048576K
}
Event: 692.049 GC heap after
{Heap after GC invocations=31 (full 0):
 garbage-first heap   total 89088K, used 13804K [0x00000000c1600000, 0x0000000100000000)
  region size 1024K, 1 young (1024K), 1 survivors (1024K)
 Metaspace       used 29290K, committed 29504K, reserved 1114112K
  class space    used 3531K, committed 3648K, reserved 1048576K
}
Event: 742.673 GC heap before
{Heap before GC invocations=31 (full 0):
 garbage-first heap   total 89088K, used 23020K [0x00000000c1600000, 0x0000000100000000)
  region size 1024K, 10 young (10240K), 1 survivors (1024K)
 Metaspace       used 30267K, committed 30592K, reserved 1114112K
  class space    used 3679K, committed 3840K, reserved 1048576K
}
Event: 742.828 GC heap after
{Heap after GC invocations=32 (full 0):
 garbage-first heap   total 89088K, used 14274K [0x00000000c1600000, 0x0000000100000000)
  region size 1024K, 2 young (2048K), 2 survivors (2048K)
 Metaspace       used 30267K, committed 30592K, reserved 1114112K
  class space    used 3679K, committed 3840K, reserved 1048576K
}

