GC Precious Log:
 CPUs: 8 total, 8 available
 Memory: 4007M
 Large Page Support: Disabled
 NUMA Support: Disabled
 Compressed Oops: Enabled (32-bit)
 Heap Region Size: 1M
 Heap Min Capacity: 8M
 Heap Initial Capacity: 64M
 Heap Max Capacity: 1002M
 Pre-touch: Disabled
 Parallel Workers: 8
 Concurrent Workers: 2
 Concurrent Refinement Workers: 8
 Periodic GC: Disabled
Heap:
 garbage-first heap   total 141312K, used 16335K [0x00000000c1600000, 0x0000000100000000)
  region size 1024K, 2 young (2048K), 1 survivors (1024K)
 Metaspace       used 32916K, committed 33280K, reserved 1114112K
  class space    used 4104K, committed 4288K, reserved 1048576K
GC Heap History (20 events):
Event: 536.616 GC heap before
{Heap before GC invocations=16 (full 0):
 garbage-first heap   total 108544K, used 15202K [0x00000000c1600000, 0x0000000100000000)
  region size 1024K, 5 young (5120K), 1 survivors (1024K)
 Metaspace       used 27238K, committed 27520K, reserved 1114112K
  class space    used 3251K, committed 3392K, reserved 1048576K
}
Event: 536.758 GC heap after
{Heap after GC invocations=17 (full 0):
 garbage-first heap   total 108544K, used 11766K [0x00000000c1600000, 0x0000000100000000)
  region size 1024K, 1 young (1024K), 1 survivors (1024K)
 Metaspace       used 27238K, committed 27520K, reserved 1114112K
  class space    used 3251K, committed 3392K, reserved 1048576K
}
Event: 553.544 GC heap before
{Heap before GC invocations=17 (full 0):
 garbage-first heap   total 108544K, used 14838K [0x00000000c1600000, 0x0000000100000000)
  region size 1024K, 5 young (5120K), 1 survivors (1024K)
 Metaspace       used 27726K, committed 28032K, reserved 1114112K
  class space    used 3299K, committed 3456K, reserved 1048576K
}
Event: 553.549 GC heap after
{Heap after GC invocations=18 (full 0):
 garbage-first heap   total 108544K, used 12256K [0x00000000c1600000, 0x0000000100000000)
  region size 1024K, 1 young (1024K), 1 survivors (1024K)
 Metaspace       used 27726K, committed 28032K, reserved 1114112K
  class space    used 3299K, committed 3456K, reserved 1048576K
}
Event: 561.458 GC heap before
{Heap before GC invocations=18 (full 0):
 garbage-first heap   total 108544K, used 16352K [0x00000000c1600000, 0x0000000100000000)
  region size 1024K, 5 young (5120K), 1 survivors (1024K)
 Metaspace       used 28168K, committed 28480K, reserved 1114112K
  class space    used 3361K, committed 3520K, reserved 1048576K
}
Event: 562.068 GC heap after
{Heap after GC invocations=19 (full 0):
 garbage-first heap   total 108544K, used 12849K [0x00000000c1600000, 0x0000000100000000)
  region size 1024K, 1 young (1024K), 1 survivors (1024K)
 Metaspace       used 28168K, committed 28480K, reserved 1114112K
  class space    used 3361K, committed 3520K, reserved 1048576K
}
Event: 576.637 GC heap before
{Heap before GC invocations=19 (full 0):
 garbage-first heap   total 108544K, used 16945K [0x00000000c1600000, 0x0000000100000000)
  region size 1024K, 5 young (5120K), 1 survivors (1024K)
 Metaspace       used 28343K, committed 28608K, reserved 1114112K
  class space    used 3392K, committed 3520K, reserved 1048576K
}
Event: 576.647 GC heap after
{Heap after GC invocations=20 (full 0):
 garbage-first heap   total 108544K, used 13129K [0x00000000c1600000, 0x0000000100000000)
  region size 1024K, 1 young (1024K), 1 survivors (1024K)
 Metaspace       used 28343K, committed 28608K, reserved 1114112K
  class space    used 3392K, committed 3520K, reserved 1048576K
}
Event: 585.263 GC heap before
{Heap before GC invocations=20 (full 0):
 garbage-first heap   total 108544K, used 20297K [0x00000000c1600000, 0x0000000100000000)
  region size 1024K, 8 young (8192K), 1 survivors (1024K)
 Metaspace       used 28677K, committed 28928K, reserved 1114112K
  class space    used 3441K, committed 3584K, reserved 1048576K
}
Event: 585.272 GC heap after
{Heap after GC invocations=21 (full 0):
 garbage-first heap   total 108544K, used 13642K [0x00000000c1600000, 0x0000000100000000)
  region size 1024K, 1 young (1024K), 1 survivors (1024K)
 Metaspace       used 28677K, committed 28928K, reserved 1114112K
  class space    used 3441K, committed 3584K, reserved 1048576K
}
Event: 609.285 GC heap before
{Heap before GC invocations=21 (full 0):
 garbage-first heap   total 108544K, used 23882K [0x00000000c1600000, 0x0000000100000000)
  region size 1024K, 12 young (12288K), 1 survivors (1024K)
 Metaspace       used 29637K, committed 29888K, reserved 1114112K
  class space    used 3586K, committed 3712K, reserved 1048576K
}
Event: 609.792 GC heap after
{Heap after GC invocations=22 (full 0):
 garbage-first heap   total 108544K, used 14281K [0x00000000c1600000, 0x0000000100000000)
  region size 1024K, 2 young (2048K), 2 survivors (2048K)
 Metaspace       used 29637K, committed 29888K, reserved 1114112K
  class space    used 3586K, committed 3712K, reserved 1048576K
}
Event: 644.941 GC heap before
{Heap before GC invocations=22 (full 0):
 garbage-first heap   total 108544K, used 16329K [0x00000000c1600000, 0x0000000100000000)
  region size 1024K, 5 young (5120K), 2 survivors (2048K)
 Metaspace       used 30015K, committed 30272K, reserved 1114112K
  class space    used 3638K, committed 3776K, reserved 1048576K
}
Event: 644.992 GC heap after
{Heap after GC invocations=23 (full 0):
 garbage-first heap   total 141312K, used 14575K [0x00000000c1600000, 0x0000000100000000)
  region size 1024K, 1 young (1024K), 1 survivors (1024K)
 Metaspace       used 30015K, committed 30272K, reserved 1114112K
  class space    used 3638K, committed 3776K, reserved 1048576K
}
Event: 694.079 GC heap before
{Heap before GC invocations=23 (full 0):
 garbage-first heap   total 141312K, used 24815K [0x00000000c1600000, 0x0000000100000000)
  region size 1024K, 12 young (12288K), 1 survivors (1024K)
 Metaspace       used 31284K, committed 31552K, reserved 1114112K
  class space    used 3847K, committed 3968K, reserved 1048576K
}
Event: 694.219 GC heap after
{Heap after GC invocations=24 (full 0):
 garbage-first heap   total 141312K, used 15149K [0x00000000c1600000, 0x0000000100000000)
  region size 1024K, 1 young (1024K), 1 survivors (1024K)
 Metaspace       used 31284K, committed 31552K, reserved 1114112K
  class space    used 3847K, committed 3968K, reserved 1048576K
}
Event: 752.603 GC heap before
{Heap before GC invocations=24 (full 0):
 garbage-first heap   total 141312K, used 24365K [0x00000000c1600000, 0x0000000100000000)
  region size 1024K, 10 young (10240K), 1 survivors (1024K)
 Metaspace       used 32559K, committed 33024K, reserved 1114112K
  class space    used 4047K, committed 4288K, reserved 1048576K
}
Event: 753.396 GC heap after
{Heap after GC invocations=25 (full 0):
 garbage-first heap   total 141312K, used 15807K [0x00000000c1600000, 0x0000000100000000)
  region size 1024K, 2 young (2048K), 2 survivors (2048K)
 Metaspace       used 32559K, committed 33024K, reserved 1114112K
  class space    used 4047K, committed 4288K, reserved 1048576K
}
Event: 784.314 GC heap before
{Heap before GC invocations=25 (full 0):
 garbage-first heap   total 141312K, used 19903K [0x00000000c1600000, 0x0000000100000000)
  region size 1024K, 6 young (6144K), 2 survivors (2048K)
 Metaspace       used 32893K, committed 33280K, reserved 1114112K
  class space    used 4100K, committed 4288K, reserved 1048576K
}
Event: 784.437 GC heap after
{Heap after GC invocations=26 (full 0):
 garbage-first heap   total 141312K, used 16335K [0x00000000c1600000, 0x0000000100000000)
  region size 1024K, 1 young (1024K), 1 survivors (1024K)
 Metaspace       used 32893K, committed 33280K, reserved 1114112K
  class space    used 4100K, committed 4288K, reserved 1048576K
}

